2025-05-11 18:14:37 [INFO   ] [networking_tester   ] [setup_logging:59] Logging configurado. Nivel: INFO. Archivo: logs\networking_tester.log
2025-05-11 18:14:37 [INFO   ] [networking_tester   ] [main:48] Iniciando networking_tester con argumentos: Namespace(interface=None, count=10, read=None, write=None, ai_monitor=False)
2025-05-11 18:14:37 [WARNING] [networking_tester   ] [main:56] No se especificó una interfaz para captura en vivo ni un archivo PCAP para leer.
2025-05-11 18:14:37 [INFO   ] [networking_tester   ] [main:63] networking_tester finalizado.
2025-05-11 18:18:26 [INFO   ] [networking_tester   ] [setup_logging:59] Logging configurado. Nivel: INFO. Archivo: logs\networking_tester.log
2025-05-11 18:18:26 [INFO   ] [networking_tester   ] [main:48] Iniciando networking_tester con argumentos: Namespace(interface=None, count=10, read=None, write=None, ai_monitor=False)
2025-05-11 18:18:26 [WARNING] [networking_tester   ] [main:56] No se especificó una interfaz para captura en vivo ni un archivo PCAP para leer.
2025-05-11 18:18:26 [INFO   ] [networking_tester   ] [main:63] networking_tester finalizado.
2025-05-11 18:28:06 [INFO   ] [networking_tester   ] [setup_logging:59] Logging configurado. Nivel: DEBUG. Archivo: logs\networking_tester.log
2025-05-11 18:29:11 [INFO   ] [networking_tester   ] [setup_logging:59] Logging configurado. Nivel: DEBUG. Archivo: logs\networking_tester.log
2025-05-11 18:33:47 [INFO   ] [networking_tester   ] [setup_logging:59] Logging configurado. Nivel: DEBUG. Archivo: logs\networking_tester.log
2025-05-11 18:33:47 [DEBUG  ] [networking_tester.analysis.ieee802_11_analyzer] [__init__:19] Inicializando analizador IEEE 802.11
2025-05-11 18:33:47 [DEBUG  ] [networking_tester.analysis.protocol_analyzer] [__init__:17] Inicializando analizador de protocolos
2025-05-11 18:33:47 [DEBUG  ] [networking_tester.analysis.ieee802_11_analyzer] [__init__:19] Inicializando analizador IEEE 802.11
2025-05-11 18:33:47 [DEBUG  ] [networking_tester.analysis.protocol_analyzer] [__init__:17] Inicializando analizador de protocolos
2025-05-11 18:33:47 [INFO   ] [networking_tester   ] [test_packet_summary_generation:388] Packet summary generation test successful
2025-05-11 18:33:47 [DEBUG  ] [networking_tester.analysis.ieee802_11_analyzer] [__init__:19] Inicializando analizador IEEE 802.11
2025-05-11 18:33:47 [DEBUG  ] [networking_tester.analysis.protocol_analyzer] [__init__:17] Inicializando analizador de protocolos
2025-05-11 18:33:47 [INFO   ] [networking_tester   ] [test_performance_metrics_extraction:420] Performance metrics extraction from 10 frames successful
2025-05-11 18:33:47 [DEBUG  ] [networking_tester.analysis.ieee802_11_analyzer] [__init__:19] Inicializando analizador IEEE 802.11
2025-05-11 18:33:47 [DEBUG  ] [networking_tester.analysis.protocol_analyzer] [__init__:17] Inicializando analizador de protocolos
2025-05-11 18:33:47 [DEBUG  ] [networking_tester.analysis.ieee802_11_analyzer] [__init__:19] Inicializando analizador IEEE 802.11
2025-05-11 18:33:47 [DEBUG  ] [networking_tester.analysis.protocol_analyzer] [__init__:17] Inicializando analizador de protocolos
2025-05-11 18:33:47 [INFO   ] [networking_tester   ] [test_qos_extraction:242] QoS extraction from 32 IP packets successful
2025-05-11 18:33:47 [DEBUG  ] [networking_tester.analysis.ieee802_11_analyzer] [__init__:19] Inicializando analizador IEEE 802.11
2025-05-11 18:33:47 [DEBUG  ] [networking_tester.analysis.protocol_analyzer] [__init__:17] Inicializando analizador de protocolos
2025-05-11 18:33:47 [DEBUG  ] [networking_tester.analysis.ieee802_11_analyzer] [__init__:19] Inicializando analizador IEEE 802.11
2025-05-11 18:33:47 [DEBUG  ] [networking_tester.analysis.protocol_analyzer] [__init__:17] Inicializando analizador de protocolos
2025-05-11 18:37:30 [INFO   ] [networking_tester   ] [setup_logging:59] Logging configurado. Nivel: DEBUG. Archivo: logs\networking_tester.log
2025-05-11 18:37:30 [DEBUG  ] [networking_tester.analysis.ieee802_11_analyzer] [__init__:19] Inicializando analizador IEEE 802.11
2025-05-11 18:37:30 [DEBUG  ] [networking_tester.analysis.protocol_analyzer] [__init__:17] Inicializando analizador de protocolos
2025-05-11 18:37:30 [DEBUG  ] [networking_tester.analysis.ieee802_11_analyzer] [__init__:19] Inicializando analizador IEEE 802.11
2025-05-11 18:37:30 [DEBUG  ] [networking_tester.analysis.protocol_analyzer] [__init__:17] Inicializando analizador de protocolos
2025-05-11 18:37:30 [INFO   ] [networking_tester   ] [test_packet_summary_generation:388] Packet summary generation test successful
2025-05-11 18:37:30 [DEBUG  ] [networking_tester.analysis.ieee802_11_analyzer] [__init__:19] Inicializando analizador IEEE 802.11
2025-05-11 18:37:30 [DEBUG  ] [networking_tester.analysis.protocol_analyzer] [__init__:17] Inicializando analizador de protocolos
2025-05-11 18:37:30 [INFO   ] [networking_tester   ] [test_performance_metrics_extraction:420] Performance metrics extraction from 10 frames successful
2025-05-11 18:37:30 [DEBUG  ] [networking_tester.analysis.ieee802_11_analyzer] [__init__:19] Inicializando analizador IEEE 802.11
2025-05-11 18:37:30 [DEBUG  ] [networking_tester.analysis.protocol_analyzer] [__init__:17] Inicializando analizador de protocolos
2025-05-11 18:37:30 [DEBUG  ] [networking_tester.analysis.ieee802_11_analyzer] [__init__:19] Inicializando analizador IEEE 802.11
2025-05-11 18:37:30 [DEBUG  ] [networking_tester.analysis.protocol_analyzer] [__init__:17] Inicializando analizador de protocolos
2025-05-11 18:37:30 [DEBUG  ] [networking_tester.analysis.ieee802_11_analyzer] [__init__:19] Inicializando analizador IEEE 802.11
2025-05-11 18:37:30 [DEBUG  ] [networking_tester.analysis.protocol_analyzer] [__init__:17] Inicializando analizador de protocolos
2025-05-11 18:37:30 [DEBUG  ] [networking_tester.analysis.ieee802_11_analyzer] [__init__:19] Inicializando analizador IEEE 802.11
2025-05-11 18:37:30 [DEBUG  ] [networking_tester.analysis.protocol_analyzer] [__init__:17] Inicializando analizador de protocolos
2025-05-11 18:37:30 [INFO   ] [networking_tester   ] [test_wifi_frame_analysis:131] Analyzed 3 WiFi frames successfully
2025-05-11 18:41:49 [INFO   ] [networking_tester   ] [setup_logging:59] Logging configurado. Nivel: DEBUG. Archivo: logs\networking_tester.log
2025-05-11 18:41:49 [DEBUG  ] [networking_tester.analysis.ieee802_11_analyzer] [__init__:18] Inicializando analizador IEEE 802.11
2025-05-11 18:41:49 [DEBUG  ] [networking_tester.analysis.protocol_analyzer] [__init__:18] Inicializando analizador de protocolos
2025-05-11 18:41:49 [INFO   ] [networking_tester   ] [test_ethernet_frame_analysis:83] Analyzed 3 Ethernet frames successfully
2025-05-11 18:41:49 [DEBUG  ] [networking_tester.analysis.ieee802_11_analyzer] [__init__:18] Inicializando analizador IEEE 802.11
2025-05-11 18:41:49 [DEBUG  ] [networking_tester.analysis.protocol_analyzer] [__init__:18] Inicializando analizador de protocolos
2025-05-11 18:41:49 [INFO   ] [networking_tester   ] [test_packet_summary_generation:388] Packet summary generation test successful
2025-05-11 18:41:49 [DEBUG  ] [networking_tester.analysis.ieee802_11_analyzer] [__init__:18] Inicializando analizador IEEE 802.11
2025-05-11 18:41:49 [DEBUG  ] [networking_tester.analysis.protocol_analyzer] [__init__:18] Inicializando analizador de protocolos
2025-05-11 18:41:49 [INFO   ] [networking_tester   ] [test_performance_metrics_extraction:420] Performance metrics extraction from 10 frames successful
2025-05-11 18:41:49 [DEBUG  ] [networking_tester.analysis.ieee802_11_analyzer] [__init__:18] Inicializando analizador IEEE 802.11
2025-05-11 18:41:49 [DEBUG  ] [networking_tester.analysis.protocol_analyzer] [__init__:18] Inicializando analizador de protocolos
2025-05-11 18:41:49 [DEBUG  ] [networking_tester.analysis.ieee802_11_analyzer] [__init__:18] Inicializando analizador IEEE 802.11
2025-05-11 18:41:49 [DEBUG  ] [networking_tester.analysis.protocol_analyzer] [__init__:18] Inicializando analizador de protocolos
2025-05-11 18:41:49 [INFO   ] [networking_tester   ] [test_qos_extraction:242] QoS extraction from 32 IP packets successful
2025-05-11 18:41:49 [INFO   ] [networking_tester   ] [test_qos_extraction:277] QoS extraction from 8 WiFi QoS frames successful
2025-05-11 18:41:49 [DEBUG  ] [networking_tester.analysis.ieee802_11_analyzer] [__init__:18] Inicializando analizador IEEE 802.11
2025-05-11 18:41:49 [DEBUG  ] [networking_tester.analysis.protocol_analyzer] [__init__:18] Inicializando analizador de protocolos
2025-05-11 18:41:49 [DEBUG  ] [networking_tester.analysis.ieee802_11_analyzer] [__init__:18] Inicializando analizador IEEE 802.11
2025-05-11 18:41:49 [DEBUG  ] [networking_tester.analysis.protocol_analyzer] [__init__:18] Inicializando analizador de protocolos
2025-05-11 18:41:49 [INFO   ] [networking_tester   ] [test_wifi_frame_analysis:131] Analyzed 3 WiFi frames successfully
2025-05-11 18:45:11 [INFO   ] [networking_tester   ] [setup_logging:59] Logging configurado. Nivel: DEBUG. Archivo: logs\networking_tester.log
2025-05-11 18:45:11 [DEBUG  ] [networking_tester.analysis.ieee802_11_analyzer] [__init__:18] Inicializando analizador IEEE 802.11
2025-05-11 18:45:11 [DEBUG  ] [networking_tester.analysis.protocol_analyzer] [__init__:18] Inicializando analizador de protocolos
2025-05-11 18:45:11 [INFO   ] [networking_tester   ] [test_ethernet_frame_analysis:83] Analyzed 3 Ethernet frames successfully
2025-05-11 18:45:11 [DEBUG  ] [networking_tester.analysis.ieee802_11_analyzer] [__init__:18] Inicializando analizador IEEE 802.11
2025-05-11 18:45:11 [DEBUG  ] [networking_tester.analysis.protocol_analyzer] [__init__:18] Inicializando analizador de protocolos
2025-05-11 18:45:11 [INFO   ] [networking_tester   ] [test_packet_summary_generation:388] Packet summary generation test successful
2025-05-11 18:45:11 [DEBUG  ] [networking_tester.analysis.ieee802_11_analyzer] [__init__:18] Inicializando analizador IEEE 802.11
2025-05-11 18:45:11 [DEBUG  ] [networking_tester.analysis.protocol_analyzer] [__init__:18] Inicializando analizador de protocolos
2025-05-11 18:45:11 [INFO   ] [networking_tester   ] [test_performance_metrics_extraction:420] Performance metrics extraction from 10 frames successful
2025-05-11 18:45:11 [DEBUG  ] [networking_tester.analysis.ieee802_11_analyzer] [__init__:18] Inicializando analizador IEEE 802.11
2025-05-11 18:45:11 [DEBUG  ] [networking_tester.analysis.protocol_analyzer] [__init__:18] Inicializando analizador de protocolos
2025-05-11 18:45:11 [INFO   ] [networking_tester   ] [test_protocol_analysis:207] Analyzed 3 protocol packets successfully
2025-05-11 18:45:11 [DEBUG  ] [networking_tester.analysis.ieee802_11_analyzer] [__init__:18] Inicializando analizador IEEE 802.11
2025-05-11 18:45:11 [DEBUG  ] [networking_tester.analysis.protocol_analyzer] [__init__:18] Inicializando analizador de protocolos
2025-05-11 18:45:11 [INFO   ] [networking_tester   ] [test_qos_extraction:242] QoS extraction from 32 IP packets successful
2025-05-11 18:45:11 [INFO   ] [networking_tester   ] [test_qos_extraction:277] QoS extraction from 8 WiFi QoS frames successful
2025-05-11 18:45:11 [DEBUG  ] [networking_tester.analysis.ieee802_11_analyzer] [__init__:18] Inicializando analizador IEEE 802.11
2025-05-11 18:45:11 [DEBUG  ] [networking_tester.analysis.protocol_analyzer] [__init__:18] Inicializando analizador de protocolos
2025-05-11 18:45:11 [DEBUG  ] [networking_tester.analysis.ieee802_11_analyzer] [__init__:18] Inicializando analizador IEEE 802.11
2025-05-11 18:45:11 [DEBUG  ] [networking_tester.analysis.protocol_analyzer] [__init__:18] Inicializando analizador de protocolos
2025-05-11 18:45:11 [INFO   ] [networking_tester   ] [test_wifi_frame_analysis:131] Analyzed 3 WiFi frames successfully
2025-05-11 18:47:08 [INFO   ] [networking_tester   ] [setup_logging:59] Logging configurado. Nivel: DEBUG. Archivo: logs\networking_tester.log
2025-05-11 18:47:08 [DEBUG  ] [networking_tester.analysis.ieee802_11_analyzer] [__init__:18] Inicializando analizador IEEE 802.11
2025-05-11 18:47:08 [DEBUG  ] [networking_tester.analysis.protocol_analyzer] [__init__:18] Inicializando analizador de protocolos
2025-05-11 18:47:08 [INFO   ] [networking_tester   ] [test_ethernet_frame_analysis:83] Analyzed 3 Ethernet frames successfully
2025-05-11 18:47:08 [DEBUG  ] [networking_tester.analysis.ieee802_11_analyzer] [__init__:18] Inicializando analizador IEEE 802.11
2025-05-11 18:47:08 [DEBUG  ] [networking_tester.analysis.protocol_analyzer] [__init__:18] Inicializando analizador de protocolos
2025-05-11 18:47:08 [INFO   ] [networking_tester   ] [test_packet_summary_generation:388] Packet summary generation test successful
2025-05-11 18:47:08 [DEBUG  ] [networking_tester.analysis.ieee802_11_analyzer] [__init__:18] Inicializando analizador IEEE 802.11
2025-05-11 18:47:08 [DEBUG  ] [networking_tester.analysis.protocol_analyzer] [__init__:18] Inicializando analizador de protocolos
2025-05-11 18:47:08 [INFO   ] [networking_tester   ] [test_performance_metrics_extraction:420] Performance metrics extraction from 10 frames successful
2025-05-11 18:47:08 [DEBUG  ] [networking_tester.analysis.ieee802_11_analyzer] [__init__:18] Inicializando analizador IEEE 802.11
2025-05-11 18:47:08 [DEBUG  ] [networking_tester.analysis.protocol_analyzer] [__init__:18] Inicializando analizador de protocolos
2025-05-11 18:47:08 [DEBUG  ] [networking_tester.analysis.ieee802_11_analyzer] [__init__:18] Inicializando analizador IEEE 802.11
2025-05-11 18:47:08 [DEBUG  ] [networking_tester.analysis.protocol_analyzer] [__init__:18] Inicializando analizador de protocolos
2025-05-11 18:47:08 [INFO   ] [networking_tester   ] [test_qos_extraction:242] QoS extraction from 32 IP packets successful
2025-05-11 18:47:08 [INFO   ] [networking_tester   ] [test_qos_extraction:277] QoS extraction from 8 WiFi QoS frames successful
2025-05-11 18:47:08 [DEBUG  ] [networking_tester.analysis.ieee802_11_analyzer] [__init__:18] Inicializando analizador IEEE 802.11
2025-05-11 18:47:08 [DEBUG  ] [networking_tester.analysis.protocol_analyzer] [__init__:18] Inicializando analizador de protocolos
2025-05-11 18:47:08 [INFO   ] [networking_tester   ] [test_security_analysis:318] Security analysis of 3 IP packets successful
2025-05-11 18:47:08 [INFO   ] [networking_tester   ] [test_security_analysis:347] Security analysis of 3 WiFi frames successful
2025-05-11 18:47:08 [DEBUG  ] [networking_tester.analysis.ieee802_11_analyzer] [__init__:18] Inicializando analizador IEEE 802.11
2025-05-11 18:47:08 [DEBUG  ] [networking_tester.analysis.protocol_analyzer] [__init__:18] Inicializando analizador de protocolos
2025-05-11 18:47:08 [INFO   ] [networking_tester   ] [test_wifi_frame_analysis:131] Analyzed 3 WiFi frames successfully
2025-05-11 18:48:56 [INFO   ] [networking_tester   ] [setup_logging:59] Logging configurado. Nivel: DEBUG. Archivo: logs\networking_tester.log
2025-05-11 18:48:56 [DEBUG  ] [networking_tester.analysis.ieee802_11_analyzer] [__init__:18] Inicializando analizador IEEE 802.11
2025-05-11 18:48:56 [DEBUG  ] [networking_tester.analysis.protocol_analyzer] [__init__:18] Inicializando analizador de protocolos
2025-05-11 18:48:56 [INFO   ] [networking_tester   ] [test_ethernet_frame_analysis:83] Analyzed 3 Ethernet frames successfully
2025-05-11 18:48:56 [DEBUG  ] [networking_tester.analysis.ieee802_11_analyzer] [__init__:18] Inicializando analizador IEEE 802.11
2025-05-11 18:48:56 [DEBUG  ] [networking_tester.analysis.protocol_analyzer] [__init__:18] Inicializando analizador de protocolos
2025-05-11 18:48:56 [INFO   ] [networking_tester   ] [test_packet_summary_generation:388] Packet summary generation test successful
2025-05-11 18:48:56 [DEBUG  ] [networking_tester.analysis.ieee802_11_analyzer] [__init__:18] Inicializando analizador IEEE 802.11
2025-05-11 18:48:56 [DEBUG  ] [networking_tester.analysis.protocol_analyzer] [__init__:18] Inicializando analizador de protocolos
2025-05-11 18:48:56 [INFO   ] [networking_tester   ] [test_performance_metrics_extraction:420] Performance metrics extraction from 10 frames successful
2025-05-11 18:48:56 [DEBUG  ] [networking_tester.analysis.ieee802_11_analyzer] [__init__:18] Inicializando analizador IEEE 802.11
2025-05-11 18:48:56 [DEBUG  ] [networking_tester.analysis.protocol_analyzer] [__init__:18] Inicializando analizador de protocolos
2025-05-11 18:48:56 [DEBUG  ] [networking_tester.analysis.ieee802_11_analyzer] [__init__:18] Inicializando analizador IEEE 802.11
2025-05-11 18:48:56 [DEBUG  ] [networking_tester.analysis.protocol_analyzer] [__init__:18] Inicializando analizador de protocolos
2025-05-11 18:48:56 [INFO   ] [networking_tester   ] [test_qos_extraction:242] QoS extraction from 32 IP packets successful
2025-05-11 18:48:56 [INFO   ] [networking_tester   ] [test_qos_extraction:277] QoS extraction from 8 WiFi QoS frames successful
2025-05-11 18:48:56 [DEBUG  ] [networking_tester.analysis.ieee802_11_analyzer] [__init__:18] Inicializando analizador IEEE 802.11
2025-05-11 18:48:56 [DEBUG  ] [networking_tester.analysis.protocol_analyzer] [__init__:18] Inicializando analizador de protocolos
2025-05-11 18:48:56 [INFO   ] [networking_tester   ] [test_security_analysis:318] Security analysis of 3 IP packets successful
2025-05-11 18:48:56 [INFO   ] [networking_tester   ] [test_security_analysis:347] Security analysis of 3 WiFi frames successful
2025-05-11 18:48:56 [DEBUG  ] [networking_tester.analysis.ieee802_11_analyzer] [__init__:18] Inicializando analizador IEEE 802.11
2025-05-11 18:48:56 [DEBUG  ] [networking_tester.analysis.protocol_analyzer] [__init__:18] Inicializando analizador de protocolos
2025-05-11 18:48:56 [INFO   ] [networking_tester   ] [test_wifi_frame_analysis:131] Analyzed 3 WiFi frames successfully
2025-05-11 18:53:11 [INFO   ] [networking_tester   ] [setup_logging:59] Logging configurado. Nivel: DEBUG. Archivo: logs\networking_tester.log
2025-05-11 18:53:11 [DEBUG  ] [networking_tester.analysis.ieee802_11_analyzer] [__init__:18] Inicializando analizador IEEE 802.11
2025-05-11 18:53:11 [DEBUG  ] [networking_tester.analysis.protocol_analyzer] [__init__:18] Inicializando analizador de protocolos
2025-05-11 18:53:11 [INFO   ] [networking_tester   ] [test_ethernet_frame_analysis:83] Analyzed 3 Ethernet frames successfully
2025-05-11 18:53:11 [DEBUG  ] [networking_tester.analysis.ieee802_11_analyzer] [__init__:18] Inicializando analizador IEEE 802.11
2025-05-11 18:53:11 [DEBUG  ] [networking_tester.analysis.protocol_analyzer] [__init__:18] Inicializando analizador de protocolos
2025-05-11 18:53:11 [INFO   ] [networking_tester   ] [test_packet_summary_generation:388] Packet summary generation test successful
2025-05-11 18:53:11 [DEBUG  ] [networking_tester.analysis.ieee802_11_analyzer] [__init__:18] Inicializando analizador IEEE 802.11
2025-05-11 18:53:11 [DEBUG  ] [networking_tester.analysis.protocol_analyzer] [__init__:18] Inicializando analizador de protocolos
2025-05-11 18:53:11 [INFO   ] [networking_tester   ] [test_performance_metrics_extraction:420] Performance metrics extraction from 10 frames successful
2025-05-11 18:53:11 [DEBUG  ] [networking_tester.analysis.ieee802_11_analyzer] [__init__:18] Inicializando analizador IEEE 802.11
2025-05-11 18:53:11 [DEBUG  ] [networking_tester.analysis.protocol_analyzer] [__init__:18] Inicializando analizador de protocolos
2025-05-11 18:53:11 [DEBUG  ] [networking_tester.analysis.ieee802_11_analyzer] [__init__:18] Inicializando analizador IEEE 802.11
2025-05-11 18:53:11 [DEBUG  ] [networking_tester.analysis.protocol_analyzer] [__init__:18] Inicializando analizador de protocolos
2025-05-11 18:53:11 [INFO   ] [networking_tester   ] [test_qos_extraction:242] QoS extraction from 32 IP packets successful
2025-05-11 18:53:11 [INFO   ] [networking_tester   ] [test_qos_extraction:277] QoS extraction from 8 WiFi QoS frames successful
2025-05-11 18:53:11 [DEBUG  ] [networking_tester.analysis.ieee802_11_analyzer] [__init__:18] Inicializando analizador IEEE 802.11
2025-05-11 18:53:11 [DEBUG  ] [networking_tester.analysis.protocol_analyzer] [__init__:18] Inicializando analizador de protocolos
2025-05-11 18:53:11 [INFO   ] [networking_tester   ] [test_security_analysis:318] Security analysis of 3 IP packets successful
2025-05-11 18:53:11 [INFO   ] [networking_tester   ] [test_security_analysis:347] Security analysis of 3 WiFi frames successful
2025-05-11 18:53:11 [DEBUG  ] [networking_tester.analysis.ieee802_11_analyzer] [__init__:18] Inicializando analizador IEEE 802.11
2025-05-11 18:53:11 [DEBUG  ] [networking_tester.analysis.protocol_analyzer] [__init__:18] Inicializando analizador de protocolos
2025-05-11 18:53:11 [INFO   ] [networking_tester   ] [test_wifi_frame_analysis:131] Analyzed 3 WiFi frames successfully
2025-05-11 18:57:07 [INFO   ] [networking_tester   ] [setup_logging:59] Logging configurado. Nivel: DEBUG. Archivo: logs\networking_tester.log
2025-05-11 18:57:07 [DEBUG  ] [networking_tester.analysis.ieee802_11_analyzer] [__init__:18] Inicializando analizador IEEE 802.11
2025-05-11 18:57:07 [DEBUG  ] [networking_tester.analysis.protocol_analyzer] [__init__:18] Inicializando analizador de protocolos
2025-05-11 18:57:07 [INFO   ] [networking_tester   ] [test_ethernet_frame_analysis:83] Analyzed 3 Ethernet frames successfully
2025-05-11 18:57:07 [DEBUG  ] [networking_tester.analysis.ieee802_11_analyzer] [__init__:18] Inicializando analizador IEEE 802.11
2025-05-11 18:57:07 [DEBUG  ] [networking_tester.analysis.protocol_analyzer] [__init__:18] Inicializando analizador de protocolos
2025-05-11 18:57:07 [INFO   ] [networking_tester   ] [test_packet_summary_generation:388] Packet summary generation test successful
2025-05-11 18:57:07 [DEBUG  ] [networking_tester.analysis.ieee802_11_analyzer] [__init__:18] Inicializando analizador IEEE 802.11
2025-05-11 18:57:07 [DEBUG  ] [networking_tester.analysis.protocol_analyzer] [__init__:18] Inicializando analizador de protocolos
2025-05-11 18:57:07 [INFO   ] [networking_tester   ] [test_performance_metrics_extraction:420] Performance metrics extraction from 10 frames successful
2025-05-11 18:57:07 [DEBUG  ] [networking_tester.analysis.ieee802_11_analyzer] [__init__:18] Inicializando analizador IEEE 802.11
2025-05-11 18:57:07 [DEBUG  ] [networking_tester.analysis.protocol_analyzer] [__init__:18] Inicializando analizador de protocolos
2025-05-11 18:57:07 [INFO   ] [networking_tester   ] [test_protocol_analysis:207] Analyzed 3 protocol packets successfully
2025-05-11 18:57:07 [DEBUG  ] [networking_tester.analysis.ieee802_11_analyzer] [__init__:18] Inicializando analizador IEEE 802.11
2025-05-11 18:57:07 [DEBUG  ] [networking_tester.analysis.protocol_analyzer] [__init__:18] Inicializando analizador de protocolos
2025-05-11 18:57:07 [INFO   ] [networking_tester   ] [test_qos_extraction:242] QoS extraction from 32 IP packets successful
2025-05-11 18:57:07 [INFO   ] [networking_tester   ] [test_qos_extraction:277] QoS extraction from 8 WiFi QoS frames successful
2025-05-11 18:57:07 [DEBUG  ] [networking_tester.analysis.ieee802_11_analyzer] [__init__:18] Inicializando analizador IEEE 802.11
2025-05-11 18:57:07 [DEBUG  ] [networking_tester.analysis.protocol_analyzer] [__init__:18] Inicializando analizador de protocolos
2025-05-11 18:57:07 [INFO   ] [networking_tester   ] [test_security_analysis:318] Security analysis of 3 IP packets successful
2025-05-11 18:57:07 [INFO   ] [networking_tester   ] [test_security_analysis:347] Security analysis of 3 WiFi frames successful
2025-05-11 18:57:07 [DEBUG  ] [networking_tester.analysis.ieee802_11_analyzer] [__init__:18] Inicializando analizador IEEE 802.11
2025-05-11 18:57:07 [DEBUG  ] [networking_tester.analysis.protocol_analyzer] [__init__:18] Inicializando analizador de protocolos
2025-05-11 18:57:07 [INFO   ] [networking_tester   ] [test_wifi_frame_analysis:131] Analyzed 3 WiFi frames successfully
2025-05-11 19:22:52 [INFO   ] [networking_tester   ] [setup_logging:59] Logging configurado. Nivel: INFO. Archivo: logs\networking_tester.log
2025-05-11 19:22:52 [INFO   ] [__main__            ] [setUp:50] Test setup complete. Created test PCAP at C:\Users\juanc\AppData\Local\Temp\tmp18v4kgf8\test_capture.pcap
2025-05-11 19:22:52 [INFO   ] [networking_tester.capture.frame_capture] [start_async_capture:197] Starting async capture on interface eth0
2025-05-11 19:22:52 [INFO   ] [networking_tester.capture.frame_capture] [start_async_capture:219] Async capture started on eth0
2025-05-11 19:22:52 [INFO   ] [networking_tester.capture.frame_capture] [stop_async_capture:234] Stopping async capture
2025-05-11 19:22:52 [INFO   ] [networking_tester.capture.frame_capture] [stop_async_capture:247] Async capture stopped, captured 0 packets
2025-05-11 19:22:52 [INFO   ] [__main__            ] [test_async_capture:273] Async capture test successful
2025-05-11 19:22:52 [INFO   ] [__main__            ] [tearDown:62] Test cleanup complete
2025-05-11 19:22:52 [INFO   ] [__main__            ] [setUp:50] Test setup complete. Created test PCAP at C:\Users\juanc\AppData\Local\Temp\tmpbjo56w7m\test_capture.pcap
2025-05-11 19:22:52 [INFO   ] [__main__            ] [test_capture_statistics:228] Capture statistics test successful
2025-05-11 19:22:52 [INFO   ] [__main__            ] [tearDown:62] Test cleanup complete
2025-05-11 19:22:52 [INFO   ] [__main__            ] [setUp:50] Test setup complete. Created test PCAP at C:\Users\juanc\AppData\Local\Temp\tmphf6v5sli\test_capture.pcap
2025-05-11 19:22:52 [INFO   ] [networking_tester.capture.frame_capture] [start_capture:101] Starting capture on interface eth0
2025-05-11 19:22:52 [INFO   ] [networking_tester.capture.frame_capture] [start_capture:122] Captured 2 packets
2025-05-11 19:22:52 [INFO   ] [__main__            ] [test_capture_with_filter:155] Capture with filter test successful
2025-05-11 19:22:52 [INFO   ] [__main__            ] [tearDown:62] Test cleanup complete
2025-05-11 19:22:52 [INFO   ] [__main__            ] [setUp:50] Test setup complete. Created test PCAP at C:\Users\juanc\AppData\Local\Temp\tmp1_d2o464\test_capture.pcap
2025-05-11 19:22:52 [INFO   ] [networking_tester.capture.frame_capture] [start_capture:101] Starting capture on interface nonexistent0
2025-05-11 19:22:52 [ERROR  ] [networking_tester.capture.frame_capture] [start_capture:126] Error during packet capture: Interface not found
2025-05-11 19:22:52 [INFO   ] [__main__            ] [test_error_handling:197] Error handling test successful
2025-05-11 19:22:52 [INFO   ] [__main__            ] [tearDown:62] Test cleanup complete
2025-05-11 19:22:52 [INFO   ] [__main__            ] [setUp:50] Test setup complete. Created test PCAP at C:\Users\juanc\AppData\Local\Temp\tmp9r5aqcg1\test_capture.pcap
2025-05-11 19:22:52 [INFO   ] [networking_tester.capture.frame_capture] [start_capture:101] Starting capture on interface eth0
2025-05-11 19:22:52 [INFO   ] [networking_tester.capture.frame_capture] [start_capture:122] Captured 5 packets
2025-05-11 19:22:52 [INFO   ] [__main__            ] [tearDown:62] Test cleanup complete
2025-05-11 19:22:52 [INFO   ] [__main__            ] [setUp:50] Test setup complete. Created test PCAP at C:\Users\juanc\AppData\Local\Temp\tmp_f9vo6ps\test_capture.pcap
2025-05-11 19:22:52 [INFO   ] [__main__            ] [test_packet_analysis_callback:180] Packet analysis callback test successful
2025-05-11 19:22:52 [INFO   ] [__main__            ] [tearDown:62] Test cleanup complete
2025-05-11 19:22:52 [INFO   ] [__main__            ] [setUp:50] Test setup complete. Created test PCAP at C:\Users\juanc\AppData\Local\Temp\tmpx7oi6obo\test_capture.pcap
2025-05-11 19:22:52 [INFO   ] [__main__            ] [test_print_capture_summary:248] Print capture summary test successful
2025-05-11 19:22:52 [INFO   ] [__main__            ] [tearDown:62] Test cleanup complete
2025-05-11 19:22:52 [INFO   ] [__main__            ] [setUp:50] Test setup complete. Created test PCAP at C:\Users\juanc\AppData\Local\Temp\tmp7en529q1\test_capture.pcap
2025-05-11 19:22:52 [INFO   ] [networking_tester.capture.frame_capture] [read_pcap:140] Reading packets from C:\Users\juanc\AppData\Local\Temp\tmp7en529q1\test_capture.pcap
2025-05-11 19:22:52 [INFO   ] [networking_tester.capture.frame_capture] [read_pcap:154] Read 5 packets from C:\Users\juanc\AppData\Local\Temp\tmp7en529q1\test_capture.pcap
2025-05-11 19:22:52 [INFO   ] [__main__            ] [test_read_from_pcap:103] PCAP reading test successful
2025-05-11 19:22:52 [INFO   ] [__main__            ] [tearDown:62] Test cleanup complete
2025-05-11 19:22:52 [INFO   ] [__main__            ] [setUp:50] Test setup complete. Created test PCAP at C:\Users\juanc\AppData\Local\Temp\tmphbmxe7z_\test_capture.pcap
2025-05-11 19:22:52 [INFO   ] [networking_tester.capture.frame_capture] [write_pcap:173] Writing 5 packets to C:\Users\juanc\AppData\Local\Temp\tmphbmxe7z_\output.pcap
2025-05-11 19:22:52 [INFO   ] [networking_tester.capture.frame_capture] [write_pcap:178] Successfully wrote 5 packets to C:\Users\juanc\AppData\Local\Temp\tmphbmxe7z_\output.pcap
2025-05-11 19:22:52 [INFO   ] [__main__            ] [test_write_to_pcap:125] PCAP writing test successful
2025-05-11 19:22:52 [INFO   ] [__main__            ] [tearDown:62] Test cleanup complete
2025-05-11 19:25:16 [INFO   ] [networking_tester   ] [setup_logging:59] Logging configurado. Nivel: INFO. Archivo: logs\networking_tester.log
2025-05-11 19:25:16 [INFO   ] [__main__            ] [setUp:50] Test setup complete. Created test PCAP at C:\Users\juanc\AppData\Local\Temp\tmpos1flzv4\test_capture.pcap
2025-05-11 19:25:16 [INFO   ] [networking_tester.capture.frame_capture] [start_async_capture:207] Starting async capture on interface eth0
2025-05-11 19:25:16 [INFO   ] [networking_tester.capture.frame_capture] [start_async_capture:229] Async capture started on eth0
2025-05-11 19:25:16 [INFO   ] [networking_tester.capture.frame_capture] [stop_async_capture:244] Stopping async capture
2025-05-11 19:25:16 [INFO   ] [networking_tester.capture.frame_capture] [stop_async_capture:257] Async capture stopped, captured 0 packets
2025-05-11 19:25:16 [INFO   ] [__main__            ] [test_async_capture:273] Async capture test successful
2025-05-11 19:25:16 [INFO   ] [__main__            ] [tearDown:62] Test cleanup complete
2025-05-11 19:25:16 [INFO   ] [__main__            ] [setUp:50] Test setup complete. Created test PCAP at C:\Users\juanc\AppData\Local\Temp\tmpo3egtkip\test_capture.pcap
2025-05-11 19:25:16 [INFO   ] [__main__            ] [test_capture_statistics:228] Capture statistics test successful
2025-05-11 19:25:16 [INFO   ] [__main__            ] [tearDown:62] Test cleanup complete
2025-05-11 19:25:16 [INFO   ] [__main__            ] [setUp:50] Test setup complete. Created test PCAP at C:\Users\juanc\AppData\Local\Temp\tmpnfxmu7bi\test_capture.pcap
2025-05-11 19:25:16 [INFO   ] [networking_tester.capture.frame_capture] [start_capture:101] Starting capture on interface eth0
2025-05-11 19:25:16 [INFO   ] [networking_tester.capture.frame_capture] [start_capture:122] Captured 2 packets
2025-05-11 19:25:16 [INFO   ] [__main__            ] [test_capture_with_filter:155] Capture with filter test successful
2025-05-11 19:25:16 [INFO   ] [__main__            ] [tearDown:62] Test cleanup complete
2025-05-11 19:25:16 [INFO   ] [__main__            ] [setUp:50] Test setup complete. Created test PCAP at C:\Users\juanc\AppData\Local\Temp\tmpw7tqsmbk\test_capture.pcap
2025-05-11 19:25:16 [INFO   ] [networking_tester.capture.frame_capture] [start_capture:101] Starting capture on interface nonexistent0
2025-05-11 19:25:16 [ERROR  ] [networking_tester.capture.frame_capture] [start_capture:136] Error during packet capture: Interface not found
2025-05-11 19:25:16 [INFO   ] [__main__            ] [test_error_handling:197] Error handling test successful
2025-05-11 19:25:16 [INFO   ] [__main__            ] [tearDown:62] Test cleanup complete
2025-05-11 19:25:16 [INFO   ] [__main__            ] [setUp:50] Test setup complete. Created test PCAP at C:\Users\juanc\AppData\Local\Temp\tmp5jcpfd5c\test_capture.pcap
2025-05-11 19:25:16 [INFO   ] [networking_tester.capture.frame_capture] [start_capture:101] Starting capture on interface eth0
2025-05-11 19:25:16 [INFO   ] [networking_tester.capture.frame_capture] [start_capture:122] Captured 5 packets
2025-05-11 19:25:16 [INFO   ] [__main__            ] [test_live_capture:86] Live capture test successful
2025-05-11 19:25:16 [INFO   ] [__main__            ] [tearDown:62] Test cleanup complete
2025-05-11 19:25:16 [INFO   ] [__main__            ] [setUp:50] Test setup complete. Created test PCAP at C:\Users\juanc\AppData\Local\Temp\tmpc3tpbxuf\test_capture.pcap
2025-05-11 19:25:16 [INFO   ] [__main__            ] [test_packet_analysis_callback:180] Packet analysis callback test successful
2025-05-11 19:25:16 [INFO   ] [__main__            ] [tearDown:62] Test cleanup complete
2025-05-11 19:25:16 [INFO   ] [__main__            ] [setUp:50] Test setup complete. Created test PCAP at C:\Users\juanc\AppData\Local\Temp\tmp1se97y4z\test_capture.pcap
2025-05-11 19:25:16 [INFO   ] [__main__            ] [test_print_capture_summary:248] Print capture summary test successful
2025-05-11 19:25:16 [INFO   ] [__main__            ] [tearDown:62] Test cleanup complete
2025-05-11 19:25:16 [INFO   ] [__main__            ] [setUp:50] Test setup complete. Created test PCAP at C:\Users\juanc\AppData\Local\Temp\tmp9z42iuh0\test_capture.pcap
2025-05-11 19:25:16 [INFO   ] [networking_tester.capture.frame_capture] [read_pcap:150] Reading packets from C:\Users\juanc\AppData\Local\Temp\tmp9z42iuh0\test_capture.pcap
2025-05-11 19:25:16 [INFO   ] [networking_tester.capture.frame_capture] [read_pcap:164] Read 5 packets from C:\Users\juanc\AppData\Local\Temp\tmp9z42iuh0\test_capture.pcap
2025-05-11 19:25:16 [INFO   ] [__main__            ] [test_read_from_pcap:103] PCAP reading test successful
2025-05-11 19:25:16 [INFO   ] [__main__            ] [tearDown:62] Test cleanup complete
2025-05-11 19:25:16 [INFO   ] [__main__            ] [setUp:50] Test setup complete. Created test PCAP at C:\Users\juanc\AppData\Local\Temp\tmp5jeow1tb\test_capture.pcap
2025-05-11 19:25:16 [INFO   ] [networking_tester.capture.frame_capture] [write_pcap:183] Writing 5 packets to C:\Users\juanc\AppData\Local\Temp\tmp5jeow1tb\output.pcap
2025-05-11 19:25:16 [INFO   ] [networking_tester.capture.frame_capture] [write_pcap:188] Successfully wrote 5 packets to C:\Users\juanc\AppData\Local\Temp\tmp5jeow1tb\output.pcap
2025-05-11 19:25:16 [INFO   ] [__main__            ] [test_write_to_pcap:125] PCAP writing test successful
2025-05-11 19:25:16 [INFO   ] [__main__            ] [tearDown:62] Test cleanup complete
2025-05-11 19:53:38 [INFO   ] [networking_tester   ] [setup_logging:59] Logging configurado. Nivel: INFO. Archivo: C:\Users\juanc\Documents\Proyectos Personales\networking_tester\logs\networking_tester.log
2025-05-11 19:53:38 [WARNING] [networking_tester   ] [test_end_to_end_workflow:430] test_end_to_end_workflow in test_ai_monitoring.py needs significant refactoring due to core engine changes.
2025-05-11 19:56:23 [INFO   ] [networking_tester   ] [setup_logging:59] Logging configurado. Nivel: INFO. Archivo: C:\Users\juanc\Documents\Proyectos Personales\networking_tester\logs\networking_tester.log
2025-05-11 19:59:10 [INFO   ] [networking_tester   ] [setup_logging:59] Logging configurado. Nivel: INFO. Archivo: C:\Users\juanc\Documents\Proyectos Personales\networking_tester\logs\networking_tester.log
2025-05-11 19:59:10 [INFO   ] [networking_tester   ] [test_ethernet_frame_analysis:93] Analyzed 3 Ethernet frames successfully
2025-05-11 19:59:10 [INFO   ] [networking_tester   ] [test_packet_summary_generation:433] Packet summary generation test successful (assuming integrated into analyze_packet)
2025-05-11 19:59:10 [WARNING] [networking_tester   ] [test_performance_metrics_extraction:442] test_performance_metrics_extraction needs significant refactoring.
2025-05-11 19:59:10 [WARNING] [networking_tester.analysis.protocol_analyzer] [analyze_packet:32] ProtocolAnalyzer received a MagicMock packet directly.
2025-05-11 19:59:10 [INFO   ] [networking_tester   ] [test_qos_extraction:262] QoS extraction from 32 IP packets successful
2025-05-11 19:59:10 [INFO   ] [networking_tester   ] [test_qos_extraction:301] QoS extraction from 8 WiFi QoS frames successful
2025-05-11 19:59:10 [WARNING] [networking_tester.analysis.protocol_analyzer] [analyze_packet:32] ProtocolAnalyzer received a MagicMock packet directly.
2025-05-11 19:59:10 [INFO   ] [networking_tester   ] [test_wifi_frame_analysis:144] Analyzed 3 WiFi frames successfully
2025-05-11 20:00:44 [INFO   ] [networking_tester   ] [setup_logging:59] Logging configurado. Nivel: INFO. Archivo: C:\Users\juanc\Documents\Proyectos Personales\networking_tester\logs\networking_tester.log
2025-05-11 20:00:44 [INFO   ] [networking_tester   ] [test_ethernet_frame_analysis:93] Analyzed 3 Ethernet frames successfully
2025-05-11 20:00:44 [INFO   ] [networking_tester   ] [test_packet_summary_generation:433] Packet summary generation test successful (assuming integrated into analyze_packet)
2025-05-11 20:00:44 [WARNING] [networking_tester   ] [test_performance_metrics_extraction:442] test_performance_metrics_extraction needs significant refactoring.
2025-05-11 20:00:44 [WARNING] [networking_tester.analysis.protocol_analyzer] [analyze_packet:30] ProtocolAnalyzer received a MagicMock packet directly. Providing enhanced mock data.
2025-05-11 20:00:44 [WARNING] [networking_tester.analysis.protocol_analyzer] [analyze_packet:30] ProtocolAnalyzer received a MagicMock packet directly. Providing enhanced mock data.
2025-05-11 20:00:44 [INFO   ] [networking_tester   ] [test_qos_extraction:262] QoS extraction from 32 IP packets successful
2025-05-11 20:00:44 [INFO   ] [networking_tester   ] [test_qos_extraction:301] QoS extraction from 8 WiFi QoS frames successful
2025-05-11 20:00:44 [WARNING] [networking_tester.analysis.protocol_analyzer] [analyze_packet:30] ProtocolAnalyzer received a MagicMock packet directly. Providing enhanced mock data.
2025-05-11 20:00:44 [INFO   ] [networking_tester   ] [test_wifi_frame_analysis:144] Analyzed 3 WiFi frames successfully
2025-05-11 20:01:58 [INFO   ] [networking_tester   ] [setup_logging:59] Logging configurado. Nivel: INFO. Archivo: C:\Users\juanc\Documents\Proyectos Personales\networking_tester\logs\networking_tester.log
2025-05-11 20:01:58 [INFO   ] [networking_tester   ] [test_ethernet_frame_analysis:93] Analyzed 3 Ethernet frames successfully
2025-05-11 20:01:58 [INFO   ] [networking_tester   ] [test_packet_summary_generation:367] Packet summary generation test successful (assuming integrated into analyze_packet)
2025-05-11 20:01:58 [WARNING] [networking_tester   ] [test_performance_metrics_extraction:376] test_performance_metrics_extraction needs significant refactoring.
2025-05-11 20:01:58 [WARNING] [networking_tester.analysis.protocol_analyzer] [analyze_packet:30] ProtocolAnalyzer received a MagicMock packet directly. Providing enhanced mock data.
2025-05-11 20:01:58 [WARNING] [networking_tester.analysis.protocol_analyzer] [analyze_packet:30] ProtocolAnalyzer received a MagicMock packet directly. Providing enhanced mock data.
2025-05-11 20:01:58 [WARNING] [networking_tester.analysis.protocol_analyzer] [analyze_packet:30] ProtocolAnalyzer received a MagicMock packet directly. Providing enhanced mock data.
2025-05-11 20:01:58 [INFO   ] [networking_tester   ] [test_protocol_analysis:197] Analyzed 3 protocol packets successfully
2025-05-11 20:01:58 [INFO   ] [networking_tester   ] [test_qos_extraction:236] QoS extraction from 32 IP packets successful
2025-05-11 20:01:58 [INFO   ] [networking_tester   ] [test_qos_extraction:275] QoS extraction from 8 WiFi QoS frames successful
2025-05-11 20:01:58 [WARNING] [networking_tester.analysis.protocol_analyzer] [analyze_packet:30] ProtocolAnalyzer received a MagicMock packet directly. Providing enhanced mock data.
2025-05-11 20:01:58 [WARNING] [networking_tester.analysis.protocol_analyzer] [analyze_packet:30] ProtocolAnalyzer received a MagicMock packet directly. Providing enhanced mock data.
2025-05-11 20:01:58 [INFO   ] [networking_tester   ] [test_wifi_frame_analysis:144] Analyzed 3 WiFi frames successfully
2025-05-11 20:06:14 [INFO   ] [networking_tester   ] [setup_logging:59] Logging configurado. Nivel: INFO. Archivo: C:\Users\juanc\Documents\Proyectos Personales\networking_tester\logs\networking_tester.log
2025-05-11 20:06:14 [INFO   ] [networking_tester   ] [test_ethernet_frame_analysis:98] Analyzed 3 Ethernet frames successfully
2025-05-11 20:06:14 [INFO   ] [networking_tester   ] [test_packet_summary_generation:372] Packet summary generation test successful (assuming integrated into analyze_packet)
2025-05-11 20:06:14 [INFO   ] [networking_tester   ] [test_performance_metrics_extraction:380] Running test_performance_metrics_extraction.
2025-05-11 20:06:14 [WARNING] [networking_tester.analysis.protocol_analyzer] [analyze_packet:30] ProtocolAnalyzer received a MagicMock packet directly. Providing enhanced mock data.
2025-05-11 20:06:14 [WARNING] [networking_tester.analysis.protocol_analyzer] [analyze_packet:30] ProtocolAnalyzer received a MagicMock packet directly. Providing enhanced mock data.
2025-05-11 20:06:14 [WARNING] [networking_tester.analysis.protocol_analyzer] [analyze_packet:30] ProtocolAnalyzer received a MagicMock packet directly. Providing enhanced mock data.
2025-05-11 20:06:14 [INFO   ] [networking_tester   ] [test_protocol_analysis:202] Analyzed 3 protocol packets successfully
2025-05-11 20:06:14 [INFO   ] [networking_tester   ] [test_qos_extraction:241] QoS extraction from 32 IP packets successful
2025-05-11 20:06:14 [INFO   ] [networking_tester   ] [test_qos_extraction:280] QoS extraction from 8 WiFi QoS frames successful
2025-05-11 20:06:14 [WARNING] [networking_tester.analysis.protocol_analyzer] [analyze_packet:30] ProtocolAnalyzer received a MagicMock packet directly. Providing enhanced mock data.
2025-05-11 20:06:14 [WARNING] [networking_tester.analysis.protocol_analyzer] [analyze_packet:30] ProtocolAnalyzer received a MagicMock packet directly. Providing enhanced mock data.
2025-05-11 20:06:14 [INFO   ] [networking_tester   ] [test_security_analysis:315] Security analysis of 2 IP packets successful
2025-05-11 20:06:14 [INFO   ] [networking_tester   ] [test_wifi_frame_analysis:149] Analyzed 3 WiFi frames successfully
2025-05-11 20:07:37 [INFO   ] [networking_tester   ] [setup_logging:59] Logging configurado. Nivel: INFO. Archivo: C:\Users\juanc\Documents\Proyectos Personales\networking_tester\logs\networking_tester.log
2025-05-11 20:07:37 [INFO   ] [networking_tester   ] [test_ethernet_frame_analysis:98] Analyzed 3 Ethernet frames successfully
2025-05-11 20:07:37 [INFO   ] [networking_tester   ] [test_packet_summary_generation:372] Packet summary generation test successful (assuming integrated into analyze_packet)
2025-05-11 20:07:37 [INFO   ] [networking_tester   ] [test_performance_metrics_extraction:380] Running test_performance_metrics_extraction.
2025-05-11 20:07:37 [WARNING] [networking_tester.analysis.protocol_analyzer] [analyze_packet:30] ProtocolAnalyzer received a MagicMock packet directly. Providing enhanced mock data.
2025-05-11 20:07:37 [WARNING] [networking_tester.analysis.protocol_analyzer] [analyze_packet:30] ProtocolAnalyzer received a MagicMock packet directly. Providing enhanced mock data.
2025-05-11 20:07:37 [WARNING] [networking_tester.analysis.protocol_analyzer] [analyze_packet:30] ProtocolAnalyzer received a MagicMock packet directly. Providing enhanced mock data.
2025-05-11 20:07:37 [INFO   ] [networking_tester   ] [test_protocol_analysis:202] Analyzed 3 protocol packets successfully
2025-05-11 20:07:37 [INFO   ] [networking_tester   ] [test_qos_extraction:241] QoS extraction from 32 IP packets successful
2025-05-11 20:07:37 [INFO   ] [networking_tester   ] [test_qos_extraction:280] QoS extraction from 8 WiFi QoS frames successful
2025-05-11 20:07:37 [WARNING] [networking_tester.analysis.protocol_analyzer] [analyze_packet:30] ProtocolAnalyzer received a MagicMock packet directly. Providing enhanced mock data.
2025-05-11 20:07:37 [WARNING] [networking_tester.analysis.protocol_analyzer] [analyze_packet:30] ProtocolAnalyzer received a MagicMock packet directly. Providing enhanced mock data.
2025-05-11 20:07:37 [INFO   ] [networking_tester   ] [test_security_analysis:315] Security analysis of 2 IP packets successful
2025-05-11 20:07:37 [INFO   ] [networking_tester   ] [test_wifi_frame_analysis:149] Analyzed 3 WiFi frames successfully
2025-05-11 20:10:42 [INFO   ] [networking_tester   ] [setup_logging:59] Logging configurado. Nivel: INFO. Archivo: C:\Users\juanc\Documents\Proyectos Personales\networking_tester\logs\networking_tester.log
2025-05-11 20:10:42 [INFO   ] [networking_tester   ] [test_ethernet_frame_analysis:98] Analyzed 3 Ethernet frames successfully
2025-05-11 20:10:42 [INFO   ] [networking_tester   ] [test_packet_summary_generation:372] Packet summary generation test successful (assuming integrated into analyze_packet)
2025-05-11 20:10:42 [INFO   ] [networking_tester   ] [test_performance_metrics_extraction:380] Running test_performance_metrics_extraction.
2025-05-11 20:10:42 [WARNING] [networking_tester.analysis.protocol_analyzer] [analyze_packet:30] ProtocolAnalyzer received a MagicMock packet directly. Providing enhanced mock data.
2025-05-11 20:10:42 [WARNING] [networking_tester.analysis.protocol_analyzer] [analyze_packet:30] ProtocolAnalyzer received a MagicMock packet directly. Providing enhanced mock data.
2025-05-11 20:10:42 [WARNING] [networking_tester.analysis.protocol_analyzer] [analyze_packet:30] ProtocolAnalyzer received a MagicMock packet directly. Providing enhanced mock data.
2025-05-11 20:10:42 [INFO   ] [networking_tester   ] [test_protocol_analysis:202] Analyzed 3 protocol packets successfully
2025-05-11 20:10:42 [INFO   ] [networking_tester   ] [test_qos_extraction:241] QoS extraction from 32 IP packets successful
2025-05-11 20:10:42 [INFO   ] [networking_tester   ] [test_qos_extraction:280] QoS extraction from 8 WiFi QoS frames successful
2025-05-11 20:10:42 [WARNING] [networking_tester.analysis.protocol_analyzer] [analyze_packet:30] ProtocolAnalyzer received a MagicMock packet directly. Providing enhanced mock data.
2025-05-11 20:10:42 [WARNING] [networking_tester.analysis.protocol_analyzer] [analyze_packet:30] ProtocolAnalyzer received a MagicMock packet directly. Providing enhanced mock data.
2025-05-11 20:10:42 [INFO   ] [networking_tester   ] [test_security_analysis:315] Security analysis of 2 IP packets successful
2025-05-11 20:10:42 [INFO   ] [networking_tester   ] [test_wifi_frame_analysis:149] Analyzed 3 WiFi frames successfully
2025-05-11 20:12:49 [INFO   ] [networking_tester   ] [setup_logging:59] Logging configurado. Nivel: INFO. Archivo: C:\Users\juanc\Documents\Proyectos Personales\networking_tester\logs\networking_tester.log
2025-05-11 20:12:49 [INFO   ] [networking_tester   ] [test_ethernet_frame_analysis:98] Analyzed 3 Ethernet frames successfully
2025-05-11 20:12:49 [INFO   ] [networking_tester   ] [test_packet_summary_generation:372] Packet summary generation test successful (assuming integrated into analyze_packet)
2025-05-11 20:12:49 [INFO   ] [networking_tester   ] [test_performance_metrics_extraction:380] Running test_performance_metrics_extraction.
2025-05-11 20:12:49 [INFO   ] [networking_tester   ] [test_performance_metrics_extraction:464] Performance metrics extraction test ran for 4 frames (basic checks).
2025-05-11 20:12:49 [WARNING] [networking_tester.analysis.protocol_analyzer] [analyze_packet:30] ProtocolAnalyzer received a MagicMock packet directly. Providing enhanced mock data.
2025-05-11 20:12:49 [WARNING] [networking_tester.analysis.protocol_analyzer] [analyze_packet:30] ProtocolAnalyzer received a MagicMock packet directly. Providing enhanced mock data.
2025-05-11 20:12:49 [WARNING] [networking_tester.analysis.protocol_analyzer] [analyze_packet:30] ProtocolAnalyzer received a MagicMock packet directly. Providing enhanced mock data.
2025-05-11 20:12:49 [INFO   ] [networking_tester   ] [test_protocol_analysis:202] Analyzed 3 protocol packets successfully
2025-05-11 20:12:49 [INFO   ] [networking_tester   ] [test_qos_extraction:241] QoS extraction from 32 IP packets successful
2025-05-11 20:12:49 [INFO   ] [networking_tester   ] [test_qos_extraction:280] QoS extraction from 8 WiFi QoS frames successful
2025-05-11 20:12:49 [WARNING] [networking_tester.analysis.protocol_analyzer] [analyze_packet:30] ProtocolAnalyzer received a MagicMock packet directly. Providing enhanced mock data.
2025-05-11 20:12:49 [WARNING] [networking_tester.analysis.protocol_analyzer] [analyze_packet:30] ProtocolAnalyzer received a MagicMock packet directly. Providing enhanced mock data.
2025-05-11 20:12:49 [INFO   ] [networking_tester   ] [test_security_analysis:315] Security analysis of 2 IP packets successful
2025-05-11 20:12:49 [INFO   ] [networking_tester   ] [test_wifi_frame_analysis:149] Analyzed 3 WiFi frames successfully
2025-05-11 20:14:56 [INFO   ] [networking_tester   ] [setup_logging:59] Logging configurado. Nivel: INFO. Archivo: C:\Users\juanc\Documents\Proyectos Personales\networking_tester\logs\networking_tester.log
2025-05-11 20:14:56 [INFO   ] [__main__            ] [setUp:51] Test setup complete. Created test PCAP at C:\Users\juanc\AppData\Local\Temp\tmppxbpyhox\test_capture.pcap
2025-05-11 20:14:56 [INFO   ] [__main__            ] [tearDown:63] Test cleanup complete
2025-05-11 20:14:56 [INFO   ] [__main__            ] [setUp:51] Test setup complete. Created test PCAP at C:\Users\juanc\AppData\Local\Temp\tmpurm54r5s\test_capture.pcap
2025-05-11 20:14:56 [INFO   ] [__main__            ] [tearDown:63] Test cleanup complete
2025-05-11 20:14:57 [INFO   ] [__main__            ] [setUp:51] Test setup complete. Created test PCAP at C:\Users\juanc\AppData\Local\Temp\tmp8ev_pk4x\test_capture.pcap
2025-05-11 20:14:57 [INFO   ] [__main__            ] [tearDown:63] Test cleanup complete
2025-05-11 20:14:57 [INFO   ] [__main__            ] [setUp:51] Test setup complete. Created test PCAP at C:\Users\juanc\AppData\Local\Temp\tmpt90dulc4\test_capture.pcap
2025-05-11 20:14:57 [INFO   ] [__main__            ] [tearDown:63] Test cleanup complete
2025-05-11 20:14:57 [INFO   ] [__main__            ] [setUp:51] Test setup complete. Created test PCAP at C:\Users\juanc\AppData\Local\Temp\tmpanlpalxb\test_capture.pcap
2025-05-11 20:14:57 [INFO   ] [__main__            ] [tearDown:63] Test cleanup complete
2025-05-11 20:14:57 [INFO   ] [__main__            ] [setUp:51] Test setup complete. Created test PCAP at C:\Users\juanc\AppData\Local\Temp\tmp79o54mub\test_capture.pcap
2025-05-11 20:14:57 [INFO   ] [__main__            ] [test_packet_processing_callback_usage:136] Packet processing callback usage is tested via other methods like test_read_from_pcap and test_async_capture.
2025-05-11 20:14:57 [INFO   ] [__main__            ] [tearDown:63] Test cleanup complete
2025-05-11 20:14:57 [INFO   ] [__main__            ] [setUp:51] Test setup complete. Created test PCAP at C:\Users\juanc\AppData\Local\Temp\tmpv7_bmq_4\test_capture.pcap
2025-05-11 20:14:57 [INFO   ] [__main__            ] [tearDown:63] Test cleanup complete
2025-05-11 20:14:57 [INFO   ] [__main__            ] [setUp:51] Test setup complete. Created test PCAP at C:\Users\juanc\AppData\Local\Temp\tmpgti7xysn\test_capture.pcap
2025-05-11 20:14:57 [INFO   ] [__main__            ] [tearDown:63] Test cleanup complete
2025-05-11 20:14:57 [INFO   ] [__main__            ] [setUp:51] Test setup complete. Created test PCAP at C:\Users\juanc\AppData\Local\Temp\tmp6w8msfax\test_capture.pcap
2025-05-11 20:14:57 [INFO   ] [__main__            ] [tearDown:63] Test cleanup complete
2025-05-11 20:19:39 [INFO   ] [networking_tester   ] [setup_logging:59] Logging configurado. Nivel: INFO. Archivo: C:\Users\juanc\Documents\Proyectos Personales\networking_tester\logs\networking_tester.log
2025-05-11 20:19:39 [INFO   ] [__main__            ] [setUp:49] Test setup complete. Created test PCAP at C:\Users\juanc\AppData\Local\Temp\tmpyawxcmuz\test_capture.pcap
2025-05-11 20:19:39 [INFO   ] [networking_tester.capture.frame_capture] [start_async_capture:98] Starting asynchronous capture on interface eth0 (filter='tcp')
2025-05-11 20:19:39 [INFO   ] [networking_tester.capture.frame_capture] [start_async_capture:107] Asynchronous capture started on eth0.
2025-05-11 20:19:40 [INFO   ] [networking_tester.capture.frame_capture] [stop_async_capture:118] Asynchronous capture stopped.
2025-05-11 20:19:40 [INFO   ] [__main__            ] [test_async_capture:261] Async capture test successful (adapted)
2025-05-11 20:19:40 [INFO   ] [__main__            ] [tearDown:63] Test cleanup complete
2025-05-11 20:19:40 [INFO   ] [__main__            ] [setUp:49] Test setup complete. Created test PCAP at C:\Users\juanc\AppData\Local\Temp\tmpchr4nooa\test_capture.pcap
2025-05-11 20:19:40 [INFO   ] [__main__            ] [test_capture_statistics:215] Capture statistics test successful (verified absence of stats attributes)
2025-05-11 20:19:40 [INFO   ] [__main__            ] [tearDown:63] Test cleanup complete
2025-05-11 20:19:40 [INFO   ] [__main__            ] [setUp:49] Test setup complete. Created test PCAP at C:\Users\juanc\AppData\Local\Temp\tmpx8fxd6az\test_capture.pcap
2025-05-11 20:19:40 [INFO   ] [networking_tester.capture.frame_capture] [start_capture:45] Starting synchronous capture on interface eth0 (count=5, timeout=None, filter='tcp port 80')
2025-05-11 20:19:40 [INFO   ] [networking_tester.capture.frame_capture] [start_capture:59] Synchronous capture finished on eth0.
2025-05-11 20:19:40 [INFO   ] [__main__            ] [test_capture_with_filter:158] Capture with filter test successful (adapted, checks filter pass-through)
2025-05-11 20:19:40 [INFO   ] [__main__            ] [tearDown:63] Test cleanup complete
2025-05-11 20:19:40 [INFO   ] [__main__            ] [setUp:49] Test setup complete. Created test PCAP at C:\Users\juanc\AppData\Local\Temp\tmp4waiyqts\test_capture.pcap
2025-05-11 20:19:40 [INFO   ] [__main__            ] [test_error_handling_async_start_fail:208] Error handling for async start failure test successful
2025-05-11 20:19:40 [INFO   ] [__main__            ] [tearDown:63] Test cleanup complete
2025-05-11 20:19:40 [INFO   ] [__main__            ] [setUp:49] Test setup complete. Created test PCAP at C:\Users\juanc\AppData\Local\Temp\tmpq6kokp_j\test_capture.pcap
2025-05-11 20:19:40 [INFO   ] [__main__            ] [test_error_handling_read_pcap_non_existent:179] Error handling for read_pcap (non-existent file) test successful
2025-05-11 20:19:40 [INFO   ] [__main__            ] [tearDown:63] Test cleanup complete
2025-05-11 20:19:40 [INFO   ] [__main__            ] [setUp:49] Test setup complete. Created test PCAP at C:\Users\juanc\AppData\Local\Temp\tmpxwl8xxk0\test_capture.pcap
2025-05-11 20:19:40 [INFO   ] [__main__            ] [test_error_handling_write_pcap_fail:194] Error handling for write_pcap (failure) test successful
2025-05-11 20:19:40 [INFO   ] [__main__            ] [tearDown:63] Test cleanup complete
2025-05-11 20:19:40 [INFO   ] [__main__            ] [setUp:49] Test setup complete. Created test PCAP at C:\Users\juanc\AppData\Local\Temp\tmp84ufainf\test_capture.pcap
2025-05-11 20:19:40 [INFO   ] [networking_tester.capture.frame_capture] [start_capture:45] Starting synchronous capture on interface eth0 (count=3, timeout=10, filter='None')
2025-05-11 20:19:40 [INFO   ] [networking_tester.capture.frame_capture] [start_capture:59] Synchronous capture finished on eth0.
2025-05-11 20:19:40 [INFO   ] [__main__            ] [test_live_capture:99] Live capture test successful (adapted for sync capture)
2025-05-11 20:19:40 [INFO   ] [__main__            ] [tearDown:63] Test cleanup complete
2025-05-11 20:19:40 [INFO   ] [__main__            ] [setUp:49] Test setup complete. Created test PCAP at C:\Users\juanc\AppData\Local\Temp\tmpqp9sqxla\test_capture.pcap
2025-05-11 20:19:40 [INFO   ] [__main__            ] [test_packet_processing_callback_usage:165] Packet processing callback usage is tested via other methods.
2025-05-11 20:19:40 [INFO   ] [__main__            ] [tearDown:63] Test cleanup complete
2025-05-11 20:19:40 [INFO   ] [__main__            ] [setUp:49] Test setup complete. Created test PCAP at C:\Users\juanc\AppData\Local\Temp\tmpvdazoxnr\test_capture.pcap
2025-05-11 20:19:40 [INFO   ] [__main__            ] [test_print_capture_summary:225] Print capture summary test successful (verified absence of summary method)
2025-05-11 20:19:40 [INFO   ] [__main__            ] [tearDown:63] Test cleanup complete
2025-05-11 20:19:40 [INFO   ] [__main__            ] [setUp:49] Test setup complete. Created test PCAP at C:\Users\juanc\AppData\Local\Temp\tmp7adamluk\test_capture.pcap
2025-05-11 20:19:40 [INFO   ] [networking_tester.capture.frame_capture] [read_pcap:68] Reading packets from C:\Users\juanc\AppData\Local\Temp\tmp7adamluk\test_capture.pcap
2025-05-11 20:19:40 [INFO   ] [networking_tester.capture.frame_capture] [read_pcap:79] Read and processed 5 packets from C:\Users\juanc\AppData\Local\Temp\tmp7adamluk\test_capture.pcap
2025-05-11 20:19:40 [INFO   ] [__main__            ] [tearDown:63] Test cleanup complete
2025-05-11 20:19:40 [INFO   ] [__main__            ] [setUp:49] Test setup complete. Created test PCAP at C:\Users\juanc\AppData\Local\Temp\tmpdzuib4fd\test_capture.pcap
2025-05-11 20:19:40 [INFO   ] [networking_tester.capture.frame_capture] [write_pcap:87] Writing 5 packets to C:\Users\juanc\AppData\Local\Temp\tmpdzuib4fd\output_test.pcap
2025-05-11 20:19:40 [INFO   ] [networking_tester.capture.frame_capture] [write_pcap:90] Successfully wrote packets to C:\Users\juanc\AppData\Local\Temp\tmpdzuib4fd\output_test.pcap
2025-05-11 20:19:40 [INFO   ] [__main__            ] [test_write_to_pcap:132] PCAP writing test successful (adapted)
2025-05-11 20:19:40 [INFO   ] [__main__            ] [tearDown:63] Test cleanup complete
2025-05-11 20:22:09 [INFO   ] [networking_tester   ] [setup_logging:59] Logging configurado. Nivel: INFO. Archivo: C:\Users\juanc\Documents\Proyectos Personales\networking_tester\logs\networking_tester.log
2025-05-11 20:22:09 [INFO   ] [__main__            ] [main:20] Starting Networking Tester v0.2.0
2025-05-11 20:22:09 [INFO   ] [networking_tester.core.engine] [__init__:19] Initializing AnalysisEngine...
2025-05-11 20:22:09 [INFO   ] [networking_tester.core.engine] [_load_analyzers:42] Loaded 4 analyzers: ['ProtocolAnalyzer', 'IEEE802_11_Analyzer', 'FlowAnalyzer', 'AnomalyDetector']
2025-05-11 20:22:09 [INFO   ] [networking_tester.storage.database_handler] [__init__:26] DatabaseHandler is disabled by configuration.
2025-05-11 20:22:09 [INFO   ] [networking_tester.core.engine] [run_live_capture:93] Starting live capture run: interface=auto, count=0, timeout=None, filter='None'
2025-05-11 20:22:09 [INFO   ] [networking_tester.core.engine] [run_live_capture:101] No specific interface provided, Scapy will attempt to choose one.
2025-05-11 20:22:09 [INFO   ] [networking_tester.capture.frame_capture] [start_capture:45] Starting synchronous capture on interface None (count=0, timeout=None, filter='None')
2025-05-11 20:23:04 [INFO   ] [networking_tester.capture.frame_capture] [start_capture:59] Synchronous capture finished on None.
2025-05-11 20:23:04 [INFO   ] [networking_tester.core.engine] [run_live_capture:109] Live capture run finished.
2025-05-11 20:23:04 [INFO   ] [networking_tester.core.engine] [_finalize_run:127] Finalizing run...
2025-05-11 20:23:04 [INFO   ] [networking_tester.reporting.report_generator] [generate_report:53] Report generated and saved to C:\Users\juanc\Documents\Proyectos Personales\networking_tester\reports\capture_report_20250511_202304.json
2025-05-11 20:23:04 [CRITICAL] [__main__            ] [main:59] An unhandled error occurred: 'str' object has no attribute 'isoformat'
Traceback (most recent call last):
  File "c:\Users\juanc\Documents\Proyectos Personales\networking_tester\main.py", line 46, in main
    engine.run_live_capture(
  File "c:\Users\juanc\Documents\Proyectos Personales\networking_tester\networking_tester\core\engine.py", line 110, in run_live_capture
    self._finalize_run()
  File "c:\Users\juanc\Documents\Proyectos Personales\networking_tester\networking_tester\core\engine.py", line 137, in _finalize_run
    final_stats = self.stats_collector.get_statistics()
                  ^^^^^^^^^^^^^^^^^^^^^^^^^^^^^^^^^^^^^
  File "c:\Users\juanc\Documents\Proyectos Personales\networking_tester\networking_tester\analysis\statistics_collector.py", line 70, in get_statistics
    "start_time": self.start_time.isoformat() if self.start_time else None,
                  ^^^^^^^^^^^^^^^^^^^^^^^^^
AttributeError: 'str' object has no attribute 'isoformat'. Did you mean: 'format'?
2025-05-11 20:23:04 [INFO   ] [networking_tester.core.engine] [shutdown:155] Shutting down AnalysisEngine...
2025-05-11 20:23:04 [INFO   ] [networking_tester.core.engine] [shutdown:160] AnalysisEngine shut down.
2025-05-11 20:23:04 [INFO   ] [__main__            ] [main:62] Networking Tester finished.
2025-05-11 20:23:12 [INFO   ] [networking_tester   ] [setup_logging:59] Logging configurado. Nivel: INFO. Archivo: C:\Users\juanc\Documents\Proyectos Personales\networking_tester\logs\networking_tester.log
2025-05-11 20:23:12 [INFO   ] [__main__            ] [main:20] Starting Networking Tester v0.2.0
2025-05-11 20:23:12 [INFO   ] [networking_tester.core.engine] [__init__:19] Initializing AnalysisEngine...
2025-05-11 20:23:12 [INFO   ] [networking_tester.core.engine] [_load_analyzers:42] Loaded 4 analyzers: ['ProtocolAnalyzer', 'IEEE802_11_Analyzer', 'FlowAnalyzer', 'AnomalyDetector']
2025-05-11 20:23:12 [INFO   ] [networking_tester.storage.database_handler] [__init__:26] DatabaseHandler is disabled by configuration.
2025-05-11 20:23:12 [INFO   ] [networking_tester.core.engine] [run_live_capture:93] Starting live capture run: interface=auto, count=0, timeout=None, filter='None'
2025-05-11 20:23:12 [INFO   ] [networking_tester.core.engine] [run_live_capture:101] No specific interface provided, Scapy will attempt to choose one.
2025-05-11 20:23:12 [INFO   ] [networking_tester.capture.frame_capture] [start_capture:45] Starting synchronous capture on interface None (count=0, timeout=None, filter='None')
2025-05-11 20:28:04 [INFO   ] [networking_tester.capture.frame_capture] [start_capture:59] Synchronous capture finished on None.
2025-05-11 20:28:04 [INFO   ] [networking_tester.core.engine] [run_live_capture:109] Live capture run finished.
2025-05-11 20:28:04 [INFO   ] [networking_tester.core.engine] [_finalize_run:127] Finalizing run...
2025-05-11 20:28:04 [INFO   ] [networking_tester.reporting.report_generator] [generate_report:53] Report generated and saved to C:\Users\juanc\Documents\Proyectos Personales\networking_tester\reports\capture_report_20250511_202804.json
2025-05-11 20:28:04 [CRITICAL] [__main__            ] [main:59] An unhandled error occurred: 'str' object has no attribute 'isoformat'
Traceback (most recent call last):
  File "c:\Users\juanc\Documents\Proyectos Personales\networking_tester\main.py", line 46, in main
    engine.run_live_capture(
  File "c:\Users\juanc\Documents\Proyectos Personales\networking_tester\networking_tester\core\engine.py", line 110, in run_live_capture
    self._finalize_run()
  File "c:\Users\juanc\Documents\Proyectos Personales\networking_tester\networking_tester\core\engine.py", line 137, in _finalize_run
    final_stats = self.stats_collector.get_statistics()
                  ^^^^^^^^^^^^^^^^^^^^^^^^^^^^^^^^^^^^^
  File "c:\Users\juanc\Documents\Proyectos Personales\networking_tester\networking_tester\analysis\statistics_collector.py", line 70, in get_statistics
    "start_time": self.start_time.isoformat() if self.start_time else None,
                  ^^^^^^^^^^^^^^^^^^^^^^^^^
AttributeError: 'str' object has no attribute 'isoformat'. Did you mean: 'format'?
2025-05-11 20:28:04 [INFO   ] [networking_tester.core.engine] [shutdown:155] Shutting down AnalysisEngine...
2025-05-11 20:28:04 [INFO   ] [networking_tester.core.engine] [shutdown:160] AnalysisEngine shut down.
2025-05-11 20:28:04 [INFO   ] [__main__            ] [main:62] Networking Tester finished.
2025-05-11 20:34:35 [INFO   ] [networking_tester   ] [setup_logging:59] Logging configurado. Nivel: INFO. Archivo: C:\Users\juanc\Documents\Proyectos Personales\networking_tester\logs\networking_tester.log
2025-05-11 20:34:35 [INFO   ] [__main__            ] [main:20] Starting Networking Tester v0.2.0
2025-05-11 20:34:35 [INFO   ] [networking_tester.core.engine] [__init__:19] Initializing AnalysisEngine...
2025-05-11 20:34:35 [INFO   ] [networking_tester.core.engine] [_load_analyzers:42] Loaded 4 analyzers: ['ProtocolAnalyzer', 'IEEE802_11_Analyzer', 'FlowAnalyzer', 'AnomalyDetector']
2025-05-11 20:34:35 [INFO   ] [networking_tester.storage.database_handler] [__init__:26] DatabaseHandler is disabled by configuration.
2025-05-11 20:34:35 [INFO   ] [networking_tester.core.engine] [run_live_capture:93] Starting live capture run: interface=auto, count=0, timeout=None, filter='None'
2025-05-11 20:34:35 [INFO   ] [networking_tester.core.engine] [run_live_capture:101] No specific interface provided, Scapy will attempt to choose one.
2025-05-11 20:34:35 [INFO   ] [networking_tester.capture.frame_capture] [start_capture:45] Starting synchronous capture on interface None (count=0, timeout=None, filter='None')
2025-05-11 20:35:04 [INFO   ] [networking_tester.capture.frame_capture] [start_capture:59] Synchronous capture finished on None.
2025-05-11 20:35:04 [INFO   ] [networking_tester.core.engine] [run_live_capture:109] Live capture run finished.
2025-05-11 20:35:04 [INFO   ] [networking_tester.core.engine] [_finalize_run:127] Finalizing run...
2025-05-11 20:35:04 [INFO   ] [networking_tester.reporting.report_generator] [generate_report:53] Report generated and saved to C:\Users\juanc\Documents\Proyectos Personales\networking_tester\reports\capture_report_20250511_203504.json
2025-05-11 20:35:04 [INFO   ] [networking_tester.core.engine] [_finalize_run:138] Final Statistics:
2025-05-11 20:35:04 [INFO   ] [networking_tester.core.engine] [_finalize_run:145]   total_packets: 0
2025-05-11 20:35:04 [INFO   ] [networking_tester.core.engine] [_finalize_run:145]   start_time: None
2025-05-11 20:35:04 [INFO   ] [networking_tester.core.engine] [_finalize_run:145]   end_time: None
2025-05-11 20:35:04 [INFO   ] [networking_tester.core.engine] [_finalize_run:145]   duration_seconds: 0
2025-05-11 20:35:04 [INFO   ] [networking_tester.core.engine] [_finalize_run:145]   packets_per_second: 0
2025-05-11 20:35:04 [INFO   ] [networking_tester.core.engine] [_finalize_run:141]   protocol_distribution:
2025-05-11 20:35:04 [INFO   ] [networking_tester.core.engine] [_finalize_run:141]   top_source_ips:
2025-05-11 20:35:04 [INFO   ] [networking_tester.core.engine] [_finalize_run:141]   top_destination_ips:
2025-05-11 20:35:04 [INFO   ] [networking_tester.core.engine] [_finalize_run:141]   top_source_ports:
2025-05-11 20:35:04 [INFO   ] [networking_tester.core.engine] [_finalize_run:141]   top_destination_ports:
2025-05-11 20:35:04 [INFO   ] [networking_tester.core.engine] [_finalize_run:145]   error_count: 0
2025-05-11 20:35:04 [INFO   ] [networking_tester.core.engine] [_finalize_run:151] Run finalized.
2025-05-11 20:35:04 [INFO   ] [networking_tester.core.engine] [shutdown:155] Shutting down AnalysisEngine...
2025-05-11 20:35:04 [INFO   ] [networking_tester.core.engine] [shutdown:160] AnalysisEngine shut down.
2025-05-11 20:35:04 [INFO   ] [__main__            ] [main:62] Networking Tester finished.
2025-05-11 20:35:31 [INFO   ] [networking_tester   ] [setup_logging:59] Logging configurado. Nivel: INFO. Archivo: C:\Users\juanc\Documents\Proyectos Personales\networking_tester\logs\networking_tester.log
2025-05-11 20:35:31 [INFO   ] [__main__            ] [main:20] Starting Networking Tester v0.2.0
2025-05-11 20:35:31 [INFO   ] [networking_tester.core.engine] [__init__:19] Initializing AnalysisEngine...
2025-05-11 20:35:31 [INFO   ] [networking_tester.core.engine] [_load_analyzers:42] Loaded 4 analyzers: ['ProtocolAnalyzer', 'IEEE802_11_Analyzer', 'FlowAnalyzer', 'AnomalyDetector']
2025-05-11 20:35:31 [INFO   ] [networking_tester.storage.database_handler] [__init__:26] DatabaseHandler is disabled by configuration.
2025-05-11 20:35:31 [INFO   ] [networking_tester.core.engine] [run_live_capture:93] Starting live capture run: interface=auto, count=0, timeout=None, filter='None'
2025-05-11 20:35:31 [INFO   ] [networking_tester.core.engine] [run_live_capture:101] No specific interface provided, Scapy will attempt to choose one.
2025-05-11 20:35:31 [INFO   ] [networking_tester.capture.frame_capture] [start_capture:45] Starting synchronous capture on interface None (count=0, timeout=None, filter='None')
2025-05-11 20:36:33 [INFO   ] [networking_tester.capture.frame_capture] [start_capture:59] Synchronous capture finished on None.
2025-05-11 20:36:33 [INFO   ] [networking_tester.core.engine] [run_live_capture:109] Live capture run finished.
2025-05-11 20:36:33 [INFO   ] [networking_tester.core.engine] [_finalize_run:127] Finalizing run...
2025-05-11 20:36:33 [INFO   ] [networking_tester.reporting.report_generator] [generate_report:53] Report generated and saved to C:\Users\juanc\Documents\Proyectos Personales\networking_tester\reports\capture_report_20250511_203633.json
2025-05-11 20:36:33 [INFO   ] [networking_tester.core.engine] [_finalize_run:138] Final Statistics:
2025-05-11 20:36:33 [INFO   ] [networking_tester.core.engine] [_finalize_run:145]   total_packets: 6
2025-05-11 20:36:33 [INFO   ] [networking_tester.core.engine] [_finalize_run:145]   start_time: 2025-05-11T20:35:34.599243
2025-05-11 20:36:33 [INFO   ] [networking_tester.core.engine] [_finalize_run:145]   end_time: 2025-05-11T20:36:15.226011
2025-05-11 20:36:33 [INFO   ] [networking_tester.core.engine] [_finalize_run:145]   duration_seconds: 40.626768
2025-05-11 20:36:33 [INFO   ] [networking_tester.core.engine] [_finalize_run:145]   packets_per_second: 0.15
2025-05-11 20:36:33 [INFO   ] [networking_tester.core.engine] [_finalize_run:141]   protocol_distribution:
2025-05-11 20:36:33 [INFO   ] [networking_tester.core.engine] [_finalize_run:143]     UDP: 4
2025-05-11 20:36:33 [INFO   ] [networking_tester.core.engine] [_finalize_run:143]     OTHER: 2
2025-05-11 20:36:33 [INFO   ] [networking_tester.core.engine] [_finalize_run:141]   top_source_ips:
2025-05-11 20:36:33 [INFO   ] [networking_tester.core.engine] [_finalize_run:143]     26.185.177.52: 4
2025-05-11 20:36:33 [INFO   ] [networking_tester.core.engine] [_finalize_run:141]   top_destination_ips:
2025-05-11 20:36:33 [INFO   ] [networking_tester.core.engine] [_finalize_run:143]     26.255.255.255: 2
2025-05-11 20:36:33 [INFO   ] [networking_tester.core.engine] [_finalize_run:143]     224.0.0.251: 1
2025-05-11 20:36:33 [INFO   ] [networking_tester.core.engine] [_finalize_run:143]     239.255.255.250: 1
2025-05-11 20:36:33 [INFO   ] [networking_tester.core.engine] [_finalize_run:141]   top_source_ports:
2025-05-11 20:36:33 [INFO   ] [networking_tester.core.engine] [_finalize_run:143]     57621: 2
2025-05-11 20:36:33 [INFO   ] [networking_tester.core.engine] [_finalize_run:143]     5353: 1
2025-05-11 20:36:33 [INFO   ] [networking_tester.core.engine] [_finalize_run:143]     57487: 1
2025-05-11 20:36:33 [INFO   ] [networking_tester.core.engine] [_finalize_run:141]   top_destination_ports:
2025-05-11 20:36:33 [INFO   ] [networking_tester.core.engine] [_finalize_run:143]     57621: 2
2025-05-11 20:36:33 [INFO   ] [networking_tester.core.engine] [_finalize_run:143]     5353: 1
2025-05-11 20:36:33 [INFO   ] [networking_tester.core.engine] [_finalize_run:143]     1900: 1
2025-05-11 20:36:33 [INFO   ] [networking_tester.core.engine] [_finalize_run:145]   error_count: 2
2025-05-11 20:36:33 [INFO   ] [networking_tester.core.engine] [_finalize_run:151] Run finalized.
2025-05-11 20:36:33 [INFO   ] [networking_tester.core.engine] [shutdown:155] Shutting down AnalysisEngine...
2025-05-11 20:36:33 [INFO   ] [networking_tester.core.engine] [shutdown:160] AnalysisEngine shut down.
2025-05-11 20:36:33 [INFO   ] [__main__            ] [main:62] Networking Tester finished.
2025-05-11 20:58:21 [INFO   ] [networking_tester   ] [setup_logging:59] Logging configurado. Nivel: INFO. Archivo: C:\Users\juanc\Documents\Proyectos Personales\networking_tester\logs\networking_tester.log
2025-05-11 20:58:21 [INFO   ] [__main__            ] [main:20] Starting Networking Tester v0.2.0
2025-05-11 20:58:21 [INFO   ] [networking_tester.core.engine] [__init__:19] Initializing AnalysisEngine...
2025-05-11 20:58:21 [INFO   ] [networking_tester.core.engine] [_load_analyzers:42] Loaded 4 analyzers: ['ProtocolAnalyzer', 'IEEE802_11_Analyzer', 'FlowAnalyzer', 'AnomalyDetector']
2025-05-11 20:58:21 [INFO   ] [networking_tester.storage.database_handler] [__init__:26] DatabaseHandler is disabled by configuration.
2025-05-11 20:58:21 [INFO   ] [networking_tester.core.engine] [run_live_capture:93] Starting live capture run: interface=auto, count=0, timeout=None, filter='None'
2025-05-11 20:58:21 [INFO   ] [networking_tester.core.engine] [run_live_capture:101] No specific interface provided, Scapy will attempt to choose one.
2025-05-11 20:58:21 [INFO   ] [networking_tester.capture.frame_capture] [start_capture:45] Starting synchronous capture on interface None (count=0, timeout=None, filter='None')
2025-05-11 21:00:05 [INFO   ] [networking_tester.capture.frame_capture] [start_capture:59] Synchronous capture finished on None.
2025-05-11 21:00:05 [INFO   ] [networking_tester.core.engine] [run_live_capture:109] Live capture run finished.
2025-05-11 21:00:05 [INFO   ] [networking_tester.core.engine] [_finalize_run:127] Finalizing run...
2025-05-11 21:00:05 [INFO   ] [networking_tester.reporting.report_generator] [generate_report:53] Report generated and saved to C:\Users\juanc\Documents\Proyectos Personales\networking_tester\reports\capture_report_20250511_210005.json
2025-05-11 21:00:05 [INFO   ] [networking_tester.core.engine] [_finalize_run:138] Final Statistics:
2025-05-11 21:00:05 [INFO   ] [networking_tester.core.engine] [_finalize_run:145]   total_packets: 19
2025-05-11 21:00:05 [INFO   ] [networking_tester.core.engine] [_finalize_run:145]   start_time: 2025-05-11T20:58:34.977011
2025-05-11 21:00:05 [INFO   ] [networking_tester.core.engine] [_finalize_run:145]   end_time: 2025-05-11T20:59:34.998900
2025-05-11 21:00:05 [INFO   ] [networking_tester.core.engine] [_finalize_run:145]   duration_seconds: 60.021889
2025-05-11 21:00:05 [INFO   ] [networking_tester.core.engine] [_finalize_run:145]   packets_per_second: 0.32
2025-05-11 21:00:05 [INFO   ] [networking_tester.core.engine] [_finalize_run:141]   protocol_distribution:
2025-05-11 21:00:05 [INFO   ] [networking_tester.core.engine] [_finalize_run:143]     UDP: 13
2025-05-11 21:00:05 [INFO   ] [networking_tester.core.engine] [_finalize_run:143]     OTHER: 6
2025-05-11 21:00:05 [INFO   ] [networking_tester.core.engine] [_finalize_run:141]   top_source_ips:
2025-05-11 21:00:05 [INFO   ] [networking_tester.core.engine] [_finalize_run:143]     26.185.177.52: 13
2025-05-11 21:00:05 [INFO   ] [networking_tester.core.engine] [_finalize_run:141]   top_destination_ips:
2025-05-11 21:00:05 [INFO   ] [networking_tester.core.engine] [_finalize_run:143]     224.0.0.251: 6
2025-05-11 21:00:05 [INFO   ] [networking_tester.core.engine] [_finalize_run:143]     239.255.255.250: 4
2025-05-11 21:00:05 [INFO   ] [networking_tester.core.engine] [_finalize_run:143]     26.255.255.255: 3
2025-05-11 21:00:05 [INFO   ] [networking_tester.core.engine] [_finalize_run:141]   top_source_ports:
2025-05-11 21:00:05 [INFO   ] [networking_tester.core.engine] [_finalize_run:143]     5353: 6
2025-05-11 21:00:05 [INFO   ] [networking_tester.core.engine] [_finalize_run:143]     49542: 4
2025-05-11 21:00:05 [INFO   ] [networking_tester.core.engine] [_finalize_run:143]     57621: 3
2025-05-11 21:00:05 [INFO   ] [networking_tester.core.engine] [_finalize_run:141]   top_destination_ports:
2025-05-11 21:00:05 [INFO   ] [networking_tester.core.engine] [_finalize_run:143]     5353: 6
2025-05-11 21:00:05 [INFO   ] [networking_tester.core.engine] [_finalize_run:143]     1900: 4
2025-05-11 21:00:05 [INFO   ] [networking_tester.core.engine] [_finalize_run:143]     57621: 3
2025-05-11 21:00:05 [INFO   ] [networking_tester.core.engine] [_finalize_run:145]   error_count: 6
2025-05-11 21:00:05 [INFO   ] [networking_tester.core.engine] [_finalize_run:151] Run finalized.
2025-05-11 21:00:05 [INFO   ] [networking_tester.core.engine] [shutdown:155] Shutting down AnalysisEngine...
2025-05-11 21:00:05 [INFO   ] [networking_tester.core.engine] [shutdown:160] AnalysisEngine shut down.
2025-05-11 21:00:05 [INFO   ] [__main__            ] [main:62] Networking Tester finished.
2025-05-11 21:02:34 [INFO   ] [networking_tester   ] [setup_logging:59] Logging configurado. Nivel: INFO. Archivo: C:\Users\juanc\Documents\Proyectos Personales\networking_tester\logs\networking_tester.log
2025-05-11 21:02:34 [INFO   ] [networking_tester   ] [test_ethernet_frame_analysis:98] Analyzed 3 Ethernet frames successfully
2025-05-11 21:02:34 [INFO   ] [networking_tester   ] [test_packet_summary_generation:372] Packet summary generation test successful (assuming integrated into analyze_packet)
2025-05-11 21:02:34 [INFO   ] [networking_tester   ] [test_performance_metrics_extraction:380] Running test_performance_metrics_extraction.
2025-05-11 21:02:34 [INFO   ] [networking_tester   ] [test_performance_metrics_extraction:464] Performance metrics extraction test ran for 4 frames (basic checks).
2025-05-11 21:02:34 [WARNING] [networking_tester.analysis.protocol_analyzer] [analyze_packet:30] ProtocolAnalyzer received a MagicMock packet directly. Providing enhanced mock data.
2025-05-11 21:02:34 [WARNING] [networking_tester.analysis.protocol_analyzer] [analyze_packet:30] ProtocolAnalyzer received a MagicMock packet directly. Providing enhanced mock data.
2025-05-11 21:02:34 [WARNING] [networking_tester.analysis.protocol_analyzer] [analyze_packet:30] ProtocolAnalyzer received a MagicMock packet directly. Providing enhanced mock data.
2025-05-11 21:02:34 [INFO   ] [networking_tester   ] [test_protocol_analysis:202] Analyzed 3 protocol packets successfully
2025-05-11 21:02:34 [INFO   ] [networking_tester   ] [test_qos_extraction:241] QoS extraction from 32 IP packets successful
2025-05-11 21:02:34 [INFO   ] [networking_tester   ] [test_qos_extraction:280] QoS extraction from 8 WiFi QoS frames successful
2025-05-11 21:02:34 [WARNING] [networking_tester.analysis.protocol_analyzer] [analyze_packet:30] ProtocolAnalyzer received a MagicMock packet directly. Providing enhanced mock data.
2025-05-11 21:02:34 [WARNING] [networking_tester.analysis.protocol_analyzer] [analyze_packet:30] ProtocolAnalyzer received a MagicMock packet directly. Providing enhanced mock data.
2025-05-11 21:02:34 [INFO   ] [networking_tester   ] [test_security_analysis:315] Security analysis of 2 IP packets successful
2025-05-11 21:02:34 [INFO   ] [networking_tester   ] [test_wifi_frame_analysis:149] Analyzed 3 WiFi frames successfully
2025-05-11 21:03:31 [INFO   ] [networking_tester   ] [setup_logging:59] Logging configurado. Nivel: INFO. Archivo: C:\Users\juanc\Documents\Proyectos Personales\networking_tester\logs\networking_tester.log
2025-05-11 21:03:32 [WARNING] [networking_tester   ] [test_end_to_end_workflow:430] test_end_to_end_workflow in test_ai_monitoring.py needs significant refactoring due to core engine changes.
2025-05-11 21:44:32 [INFO   ] [networking_tester   ] [setup_logging:59] Logging configurado. Nivel: INFO. Archivo: C:\Users\juanc\Documents\Proyectos Personales\networking_tester\logs\networking_tester.log
2025-05-11 21:44:32 [INFO   ] [__main__            ] [main:20] Starting Networking Tester v0.2.0
2025-05-11 21:44:32 [INFO   ] [networking_tester.core.engine] [__init__:19] Initializing AnalysisEngine...
2025-05-11 21:44:32 [INFO   ] [networking_tester.core.engine] [_load_analyzers:42] Loaded 4 analyzers: ['ProtocolAnalyzer', 'IEEE802_11_Analyzer', 'FlowAnalyzer', 'AnomalyDetector']
2025-05-11 21:44:32 [INFO   ] [networking_tester.storage.database_handler] [__init__:26] DatabaseHandler is disabled by configuration.
2025-05-11 21:44:32 [INFO   ] [__main__            ] [main:39] Report format overridden by CLI: csv
2025-05-11 21:44:32 [INFO   ] [networking_tester.core.engine] [run_live_capture:93] Starting live capture run: interface=eth0, count=0, timeout=60, filter='tcp'
2025-05-11 21:44:32 [INFO   ] [networking_tester.capture.frame_capture] [start_capture:45] Starting synchronous capture on interface eth0 (count=0, timeout=60, filter='tcp')
2025-05-11 21:44:32 [ERROR  ] [networking_tester.capture.frame_capture] [start_capture:63] Error during synchronous packet capture: Interface 'eth0' not found !
Traceback (most recent call last):
  File "C:\Users\juanc\Documents\Proyectos Personales\networking_tester\networking_tester\capture\frame_capture.py", line 56, in start_capture
    sniff(**kwargs)
  File "C:\Users\juanc\Documents\Proyectos Personales\venv\Lib\site-packages\scapy\sendrecv.py", line 1424, in sniff
    sniffer._run(*args, **kwargs)
  File "C:\Users\juanc\Documents\Proyectos Personales\venv\Lib\site-packages\scapy\sendrecv.py", line 1273, in _run
    sniff_sockets[_RL2(iface)(type=ETH_P_ALL, iface=iface,
                  ^^^^^^^^^^^
  File "C:\Users\juanc\Documents\Proyectos Personales\venv\Lib\site-packages\scapy\sendrecv.py", line 1258, in <lambda>
    _RL2 = lambda i: L2socket or resolve_iface(i).l2listen()  # type: Callable[[_GlobInterfaceType], Callable[..., SuperSocket]]  # noqa: E501
                                 ^^^^^^^^^^^^^^^^
  File "C:\Users\juanc\Documents\Proyectos Personales\venv\Lib\site-packages\scapy\interfaces.py", line 434, in resolve_iface
    return resolve_iface(dev, retry=False)
           ^^^^^^^^^^^^^^^^^^^^^^^^^^^^^^^
  File "C:\Users\juanc\Documents\Proyectos Personales\venv\Lib\site-packages\scapy\interfaces.py", line 431, in resolve_iface
    raise ValueError("Interface '%s' not found !" % dev)
ValueError: Interface 'eth0' not found !
2025-05-11 21:44:32 [INFO   ] [networking_tester.core.engine] [run_live_capture:109] Live capture run finished.
2025-05-11 21:44:32 [INFO   ] [networking_tester.core.engine] [_finalize_run:127] Finalizing run...
2025-05-11 21:44:32 [INFO   ] [networking_tester.reporting.report_generator] [generate_report:53] Report generated and saved to C:\Users\juanc\Documents\Proyectos Personales\networking_tester\reports\capture_report_20250511_214432.csv
2025-05-11 21:44:32 [INFO   ] [networking_tester.core.engine] [_finalize_run:138] Final Statistics:
2025-05-11 21:44:32 [INFO   ] [networking_tester.core.engine] [_finalize_run:145]   total_packets: 0
2025-05-11 21:44:32 [INFO   ] [networking_tester.core.engine] [_finalize_run:145]   start_time: None
2025-05-11 21:44:32 [INFO   ] [networking_tester.core.engine] [_finalize_run:145]   end_time: None
2025-05-11 21:44:32 [INFO   ] [networking_tester.core.engine] [_finalize_run:145]   duration_seconds: 0
2025-05-11 21:44:32 [INFO   ] [networking_tester.core.engine] [_finalize_run:145]   packets_per_second: 0
2025-05-11 21:44:32 [INFO   ] [networking_tester.core.engine] [_finalize_run:141]   protocol_distribution:
2025-05-11 21:44:32 [INFO   ] [networking_tester.core.engine] [_finalize_run:141]   top_source_ips:
2025-05-11 21:44:32 [INFO   ] [networking_tester.core.engine] [_finalize_run:141]   top_destination_ips:
2025-05-11 21:44:32 [INFO   ] [networking_tester.core.engine] [_finalize_run:141]   top_source_ports:
2025-05-11 21:44:32 [INFO   ] [networking_tester.core.engine] [_finalize_run:141]   top_destination_ports:
2025-05-11 21:44:32 [INFO   ] [networking_tester.core.engine] [_finalize_run:145]   error_count: 0
2025-05-11 21:44:32 [INFO   ] [networking_tester.core.engine] [_finalize_run:151] Run finalized.
2025-05-11 21:44:32 [INFO   ] [networking_tester.core.engine] [shutdown:155] Shutting down AnalysisEngine...
2025-05-11 21:44:32 [INFO   ] [networking_tester.core.engine] [shutdown:160] AnalysisEngine shut down.
2025-05-11 21:44:32 [INFO   ] [__main__            ] [main:62] Networking Tester finished.
2025-05-11 21:46:47 [INFO   ] [networking_tester   ] [setup_logging:59] Logging configurado. Nivel: INFO. Archivo: C:\Users\juanc\Documents\Proyectos Personales\networking_tester\logs\networking_tester.log
2025-05-11 21:46:47 [INFO   ] [__main__            ] [main:20] Starting Networking Tester v0.2.0
2025-05-11 21:46:47 [INFO   ] [networking_tester.core.engine] [__init__:19] Initializing AnalysisEngine...
2025-05-11 21:46:47 [INFO   ] [networking_tester.core.engine] [_load_analyzers:42] Loaded 4 analyzers: ['ProtocolAnalyzer', 'IEEE802_11_Analyzer', 'FlowAnalyzer', 'AnomalyDetector']
2025-05-11 21:46:47 [INFO   ] [networking_tester.storage.database_handler] [__init__:26] DatabaseHandler is disabled by configuration.
2025-05-11 21:46:47 [INFO   ] [__main__            ] [main:39] Report format overridden by CLI: csv
2025-05-11 21:46:47 [INFO   ] [networking_tester.core.engine] [run_live_capture:93] Starting live capture run: interface=Ethernet, count=0, timeout=60, filter='tcp'
2025-05-11 21:46:47 [INFO   ] [networking_tester.capture.frame_capture] [start_capture:45] Starting synchronous capture on interface Ethernet (count=0, timeout=60, filter='tcp')
2025-05-11 21:46:47 [ERROR  ] [networking_tester.capture.frame_capture] [start_capture:63] Error during synchronous packet capture: Interface 'Ethernet' not found !
Traceback (most recent call last):
  File "C:\Users\juanc\Documents\Proyectos Personales\networking_tester\networking_tester\capture\frame_capture.py", line 56, in start_capture
    sniff(**kwargs)
  File "C:\Users\juanc\Documents\Proyectos Personales\venv\Lib\site-packages\scapy\sendrecv.py", line 1424, in sniff
    sniffer._run(*args, **kwargs)
  File "C:\Users\juanc\Documents\Proyectos Personales\venv\Lib\site-packages\scapy\sendrecv.py", line 1273, in _run
    sniff_sockets[_RL2(iface)(type=ETH_P_ALL, iface=iface,
                  ^^^^^^^^^^^
  File "C:\Users\juanc\Documents\Proyectos Personales\venv\Lib\site-packages\scapy\sendrecv.py", line 1258, in <lambda>
    _RL2 = lambda i: L2socket or resolve_iface(i).l2listen()  # type: Callable[[_GlobInterfaceType], Callable[..., SuperSocket]]  # noqa: E501
                                 ^^^^^^^^^^^^^^^^
  File "C:\Users\juanc\Documents\Proyectos Personales\venv\Lib\site-packages\scapy\interfaces.py", line 434, in resolve_iface
    return resolve_iface(dev, retry=False)
           ^^^^^^^^^^^^^^^^^^^^^^^^^^^^^^^
  File "C:\Users\juanc\Documents\Proyectos Personales\venv\Lib\site-packages\scapy\interfaces.py", line 431, in resolve_iface
    raise ValueError("Interface '%s' not found !" % dev)
ValueError: Interface 'Ethernet' not found !
2025-05-11 21:46:47 [INFO   ] [networking_tester.core.engine] [run_live_capture:109] Live capture run finished.
2025-05-11 21:46:47 [INFO   ] [networking_tester.core.engine] [_finalize_run:127] Finalizing run...
2025-05-11 21:46:47 [INFO   ] [networking_tester.reporting.report_generator] [generate_report:53] Report generated and saved to C:\Users\juanc\Documents\Proyectos Personales\networking_tester\reports\capture_report_20250511_214647.csv
2025-05-11 21:46:47 [INFO   ] [networking_tester.core.engine] [_finalize_run:138] Final Statistics:
2025-05-11 21:46:47 [INFO   ] [networking_tester.core.engine] [_finalize_run:145]   total_packets: 0
2025-05-11 21:46:47 [INFO   ] [networking_tester.core.engine] [_finalize_run:145]   start_time: None
2025-05-11 21:46:47 [INFO   ] [networking_tester.core.engine] [_finalize_run:145]   end_time: None
2025-05-11 21:46:47 [INFO   ] [networking_tester.core.engine] [_finalize_run:145]   duration_seconds: 0
2025-05-11 21:46:47 [INFO   ] [networking_tester.core.engine] [_finalize_run:145]   packets_per_second: 0
2025-05-11 21:46:47 [INFO   ] [networking_tester.core.engine] [_finalize_run:141]   protocol_distribution:
2025-05-11 21:46:47 [INFO   ] [networking_tester.core.engine] [_finalize_run:141]   top_source_ips:
2025-05-11 21:46:47 [INFO   ] [networking_tester.core.engine] [_finalize_run:141]   top_destination_ips:
2025-05-11 21:46:47 [INFO   ] [networking_tester.core.engine] [_finalize_run:141]   top_source_ports:
2025-05-11 21:46:47 [INFO   ] [networking_tester.core.engine] [_finalize_run:141]   top_destination_ports:
2025-05-11 21:46:47 [INFO   ] [networking_tester.core.engine] [_finalize_run:145]   error_count: 0
2025-05-11 21:46:47 [INFO   ] [networking_tester.core.engine] [_finalize_run:151] Run finalized.
2025-05-11 21:46:47 [INFO   ] [networking_tester.core.engine] [shutdown:155] Shutting down AnalysisEngine...
2025-05-11 21:46:47 [INFO   ] [networking_tester.core.engine] [shutdown:160] AnalysisEngine shut down.
2025-05-11 21:46:47 [INFO   ] [__main__            ] [main:62] Networking Tester finished.
2025-05-11 21:48:16 [INFO   ] [networking_tester   ] [setup_logging:59] Logging configurado. Nivel: INFO. Archivo: C:\Users\juanc\Documents\Proyectos Personales\networking_tester\logs\networking_tester.log
2025-05-11 21:48:16 [INFO   ] [__main__            ] [main:20] Starting Networking Tester v0.2.0
2025-05-11 21:48:16 [INFO   ] [networking_tester.core.engine] [__init__:19] Initializing AnalysisEngine...
2025-05-11 21:48:16 [INFO   ] [networking_tester.core.engine] [_load_analyzers:42] Loaded 4 analyzers: ['ProtocolAnalyzer', 'IEEE802_11_Analyzer', 'FlowAnalyzer', 'AnomalyDetector']
2025-05-11 21:48:16 [INFO   ] [networking_tester.storage.database_handler] [__init__:26] DatabaseHandler is disabled by configuration.
2025-05-11 21:48:16 [INFO   ] [__main__            ] [main:39] Report format overridden by CLI: csv
2025-05-11 21:48:16 [INFO   ] [networking_tester.core.engine] [run_live_capture:93] Starting live capture run: interface=Ethernet 2, count=0, timeout=60, filter='tcp'
2025-05-11 21:48:16 [INFO   ] [networking_tester.capture.frame_capture] [start_capture:45] Starting synchronous capture on interface Ethernet 2 (count=0, timeout=60, filter='tcp')
2025-05-11 21:49:16 [INFO   ] [networking_tester.capture.frame_capture] [start_capture:59] Synchronous capture finished on Ethernet 2.
2025-05-11 21:49:16 [INFO   ] [networking_tester.core.engine] [run_live_capture:109] Live capture run finished.
2025-05-11 21:49:16 [INFO   ] [networking_tester.core.engine] [_finalize_run:127] Finalizing run...
2025-05-11 21:49:16 [INFO   ] [networking_tester.reporting.report_generator] [generate_report:53] Report generated and saved to C:\Users\juanc\Documents\Proyectos Personales\networking_tester\reports\capture_report_20250511_214916.csv
2025-05-11 21:49:16 [INFO   ] [networking_tester.core.engine] [_finalize_run:138] Final Statistics:
2025-05-11 21:49:16 [INFO   ] [networking_tester.core.engine] [_finalize_run:145]   total_packets: 335
2025-05-11 21:49:16 [INFO   ] [networking_tester.core.engine] [_finalize_run:145]   start_time: 2025-05-11T21:48:16.954878
2025-05-11 21:49:16 [INFO   ] [networking_tester.core.engine] [_finalize_run:145]   end_time: 2025-05-11T21:49:16.630231
2025-05-11 21:49:16 [INFO   ] [networking_tester.core.engine] [_finalize_run:145]   duration_seconds: 59.675353
2025-05-11 21:49:16 [INFO   ] [networking_tester.core.engine] [_finalize_run:145]   packets_per_second: 5.61
2025-05-11 21:49:16 [INFO   ] [networking_tester.core.engine] [_finalize_run:141]   protocol_distribution:
2025-05-11 21:49:16 [INFO   ] [networking_tester.core.engine] [_finalize_run:143]     TCP: 335
2025-05-11 21:49:16 [INFO   ] [networking_tester.core.engine] [_finalize_run:141]   top_source_ips:
2025-05-11 21:49:16 [INFO   ] [networking_tester.core.engine] [_finalize_run:143]     192.168.0.5: 160
2025-05-11 21:49:16 [INFO   ] [networking_tester.core.engine] [_finalize_run:143]     142.251.132.142: 54
2025-05-11 21:49:16 [INFO   ] [networking_tester.core.engine] [_finalize_run:143]     13.107.5.93: 17
2025-05-11 21:49:16 [INFO   ] [networking_tester.core.engine] [_finalize_run:143]     155.133.253.34: 12
2025-05-11 21:49:16 [INFO   ] [networking_tester.core.engine] [_finalize_run:143]     142.251.135.170: 11
2025-05-11 21:49:16 [INFO   ] [networking_tester.core.engine] [_finalize_run:141]   top_destination_ips:
2025-05-11 21:49:16 [INFO   ] [networking_tester.core.engine] [_finalize_run:143]     192.168.0.5: 175
2025-05-11 21:49:16 [INFO   ] [networking_tester.core.engine] [_finalize_run:143]     142.251.132.142: 51
2025-05-11 21:49:16 [INFO   ] [networking_tester.core.engine] [_finalize_run:143]     155.133.253.34: 12
2025-05-11 21:49:16 [INFO   ] [networking_tester.core.engine] [_finalize_run:143]     13.107.5.93: 12
2025-05-11 21:49:16 [INFO   ] [networking_tester.core.engine] [_finalize_run:143]     20.189.172.32: 10
2025-05-11 21:49:16 [INFO   ] [networking_tester.core.engine] [_finalize_run:141]   top_source_ports:
2025-05-11 21:49:16 [INFO   ] [networking_tester.core.engine] [_finalize_run:143]     443: 162
2025-05-11 21:49:16 [INFO   ] [networking_tester.core.engine] [_finalize_run:143]     56895: 51
2025-05-11 21:49:16 [INFO   ] [networking_tester.core.engine] [_finalize_run:143]     53721: 12
2025-05-11 21:49:16 [INFO   ] [networking_tester.core.engine] [_finalize_run:143]     27017: 12
2025-05-11 21:49:16 [INFO   ] [networking_tester.core.engine] [_finalize_run:143]     57118: 12
2025-05-11 21:49:16 [INFO   ] [networking_tester.core.engine] [_finalize_run:141]   top_destination_ports:
2025-05-11 21:49:16 [INFO   ] [networking_tester.core.engine] [_finalize_run:143]     443: 147
2025-05-11 21:49:16 [INFO   ] [networking_tester.core.engine] [_finalize_run:143]     56895: 54
2025-05-11 21:49:16 [INFO   ] [networking_tester.core.engine] [_finalize_run:143]     57118: 17
2025-05-11 21:49:16 [INFO   ] [networking_tester.core.engine] [_finalize_run:143]     27017: 12
2025-05-11 21:49:16 [INFO   ] [networking_tester.core.engine] [_finalize_run:143]     53721: 12
2025-05-11 21:49:16 [INFO   ] [networking_tester.core.engine] [_finalize_run:145]   error_count: 0
2025-05-11 21:49:16 [INFO   ] [networking_tester.core.engine] [_finalize_run:151] Run finalized.
2025-05-11 21:49:16 [INFO   ] [networking_tester.core.engine] [shutdown:155] Shutting down AnalysisEngine...
2025-05-11 21:49:16 [INFO   ] [networking_tester.core.engine] [shutdown:160] AnalysisEngine shut down.
2025-05-11 21:49:16 [INFO   ] [__main__            ] [main:62] Networking Tester finished.
2025-05-14 20:26:20 [INFO   ] [networking_tester   ] [setup_logging:59] Logging configurado. Nivel: INFO. Archivo: C:\Users\juanc\Documents\Proyectos Personales\networking_tester\logs\networking_tester.log
2025-05-14 20:26:20 [INFO   ] [__main__            ] [main:20] Starting Networking Tester v0.2.0
2025-05-14 20:26:20 [INFO   ] [src.core.engine     ] [__init__:19] Initializing AnalysisEngine...
2025-05-14 20:26:20 [INFO   ] [src.core.engine     ] [_load_analyzers:42] Loaded 4 analyzers: ['ProtocolAnalyzer', 'IEEE802_11_Analyzer', 'FlowAnalyzer', 'AnomalyDetector']
2025-05-14 20:26:20 [INFO   ] [src.storage.database_handler] [__init__:26] DatabaseHandler is disabled by configuration.
2025-05-14 20:26:20 [INFO   ] [src.core.engine     ] [run_live_capture:93] Starting live capture run: interface=Ethernet 2, count=5, timeout=None, filter='None'
2025-05-14 20:26:20 [INFO   ] [src.capture.frame_capture] [start_capture:45] Starting synchronous capture on interface Ethernet 2 (count=5, timeout=None, filter='None')
2025-05-14 20:26:20 [INFO   ] [src.capture.frame_capture] [start_capture:59] Synchronous capture finished on Ethernet 2.
2025-05-14 20:26:20 [INFO   ] [src.core.engine     ] [run_live_capture:109] Live capture run finished.
2025-05-14 20:26:20 [INFO   ] [src.core.engine     ] [_finalize_run:127] Finalizing run...
2025-05-14 20:26:20 [INFO   ] [src.reporting.report_generator] [generate_report:53] Report generated and saved to C:\Users\juanc\Documents\Proyectos Personales\networking_tester\reports\capture_report_20250514_202620.json
2025-05-14 20:26:20 [INFO   ] [src.core.engine     ] [_finalize_run:138] Final Statistics:
2025-05-14 20:26:20 [INFO   ] [src.core.engine     ] [_finalize_run:145]   total_packets: 5
2025-05-14 20:26:20 [INFO   ] [src.core.engine     ] [_finalize_run:145]   start_time: 2025-05-14T20:26:20.840253
2025-05-14 20:26:20 [INFO   ] [src.core.engine     ] [_finalize_run:145]   end_time: 2025-05-14T20:26:20.949900
2025-05-14 20:26:20 [INFO   ] [src.core.engine     ] [_finalize_run:145]   duration_seconds: 0.109647
2025-05-14 20:26:20 [INFO   ] [src.core.engine     ] [_finalize_run:145]   packets_per_second: 45.6
2025-05-14 20:26:20 [INFO   ] [src.core.engine     ] [_finalize_run:141]   protocol_distribution:
2025-05-14 20:26:20 [INFO   ] [src.core.engine     ] [_finalize_run:143]     UDP: 2
2025-05-14 20:26:20 [INFO   ] [src.core.engine     ] [_finalize_run:143]     TCP: 3
2025-05-14 20:26:20 [INFO   ] [src.core.engine     ] [_finalize_run:141]   top_source_ips:
2025-05-14 20:26:20 [INFO   ] [src.core.engine     ] [_finalize_run:143]     192.168.0.5: 3
2025-05-14 20:26:20 [INFO   ] [src.core.engine     ] [_finalize_run:143]     192.168.0.1: 1
2025-05-14 20:26:20 [INFO   ] [src.core.engine     ] [_finalize_run:143]     20.189.173.6: 1
2025-05-14 20:26:20 [INFO   ] [src.core.engine     ] [_finalize_run:141]   top_destination_ips:
2025-05-14 20:26:20 [INFO   ] [src.core.engine     ] [_finalize_run:143]     192.168.0.5: 2
2025-05-14 20:26:20 [INFO   ] [src.core.engine     ] [_finalize_run:143]     20.189.173.6: 2
2025-05-14 20:26:20 [INFO   ] [src.core.engine     ] [_finalize_run:143]     192.168.0.1: 1
2025-05-14 20:26:20 [INFO   ] [src.core.engine     ] [_finalize_run:141]   top_source_ports:
2025-05-14 20:26:20 [INFO   ] [src.core.engine     ] [_finalize_run:143]     51081: 2
2025-05-14 20:26:20 [INFO   ] [src.core.engine     ] [_finalize_run:143]     58461: 1
2025-05-14 20:26:20 [INFO   ] [src.core.engine     ] [_finalize_run:143]     53: 1
2025-05-14 20:26:20 [INFO   ] [src.core.engine     ] [_finalize_run:143]     443: 1
2025-05-14 20:26:20 [INFO   ] [src.core.engine     ] [_finalize_run:141]   top_destination_ports:
2025-05-14 20:26:20 [INFO   ] [src.core.engine     ] [_finalize_run:143]     443: 2
2025-05-14 20:26:20 [INFO   ] [src.core.engine     ] [_finalize_run:143]     53: 1
2025-05-14 20:26:20 [INFO   ] [src.core.engine     ] [_finalize_run:143]     58461: 1
2025-05-14 20:26:20 [INFO   ] [src.core.engine     ] [_finalize_run:143]     51081: 1
2025-05-14 20:26:20 [INFO   ] [src.core.engine     ] [_finalize_run:145]   error_count: 0
2025-05-14 20:26:20 [INFO   ] [src.core.engine     ] [_finalize_run:151] Run finalized.
2025-05-14 20:26:20 [INFO   ] [src.core.engine     ] [shutdown:155] Shutting down AnalysisEngine...
2025-05-14 20:26:20 [INFO   ] [src.core.engine     ] [shutdown:160] AnalysisEngine shut down.
2025-05-14 20:26:20 [INFO   ] [__main__            ] [main:62] Networking Tester finished.
2025-05-14 20:28:45 [INFO   ] [networking_tester   ] [setup_logging:59] Logging configurado. Nivel: INFO. Archivo: C:\Users\juanc\Documents\Proyectos Personales\networking_tester\logs\networking_tester.log
2025-05-14 20:28:45 [INFO   ] [__main__            ] [main:20] Starting Networking Tester v0.2.0
2025-05-14 20:38:17 [INFO   ] [networking_tester   ] [setup_logging:59] Logging configurado. Nivel: INFO. Archivo: C:\Users\juanc\Documents\Proyectos Personales\networking_tester\logs\networking_tester.log
2025-05-14 20:38:17 [INFO   ] [networking_tester   ] [test_packet_summary_generation:372] Packet summary generation test successful (assuming integrated into analyze_packet)
2025-05-14 20:38:17 [INFO   ] [networking_tester   ] [test_performance_metrics_extraction:380] Running test_performance_metrics_extraction.
2025-05-14 20:38:17 [INFO   ] [networking_tester   ] [test_performance_metrics_extraction:464] Performance metrics extraction test ran for 4 frames (basic checks).
2025-05-14 20:38:17 [WARNING] [src.analysis.protocol_analyzer] [analyze_packet:30] ProtocolAnalyzer received a MagicMock packet directly. Providing enhanced mock data.
2025-05-14 20:38:17 [WARNING] [src.analysis.protocol_analyzer] [analyze_packet:30] ProtocolAnalyzer received a MagicMock packet directly. Providing enhanced mock data.
2025-05-14 20:38:17 [WARNING] [src.analysis.protocol_analyzer] [analyze_packet:30] ProtocolAnalyzer received a MagicMock packet directly. Providing enhanced mock data.
2025-05-14 20:38:17 [INFO   ] [networking_tester   ] [test_protocol_analysis:202] Analyzed 3 protocol packets successfully
2025-05-14 20:38:17 [INFO   ] [networking_tester   ] [test_qos_extraction:241] QoS extraction from 32 IP packets successful
2025-05-14 20:38:17 [INFO   ] [networking_tester   ] [test_qos_extraction:280] QoS extraction from 8 WiFi QoS frames successful
2025-05-14 20:38:17 [WARNING] [src.analysis.protocol_analyzer] [analyze_packet:30] ProtocolAnalyzer received a MagicMock packet directly. Providing enhanced mock data.
2025-05-14 20:38:17 [WARNING] [src.analysis.protocol_analyzer] [analyze_packet:30] ProtocolAnalyzer received a MagicMock packet directly. Providing enhanced mock data.
2025-05-14 20:38:17 [INFO   ] [networking_tester   ] [test_security_analysis:315] Security analysis of 2 IP packets successful
2025-05-14 20:38:17 [INFO   ] [networking_tester   ] [test_wifi_frame_analysis:149] Analyzed 3 WiFi frames successfully
2025-05-14 20:38:23 [INFO   ] [networking_tester   ] [setup_logging:59] Logging configurado. Nivel: INFO. Archivo: C:\Users\juanc\Documents\Proyectos Personales\networking_tester\logs\networking_tester.log
2025-05-14 20:38:23 [INFO   ] [networking_tester   ] [test_packet_summary_generation:372] Packet summary generation test successful (assuming integrated into analyze_packet)
2025-05-14 20:38:23 [INFO   ] [networking_tester   ] [test_performance_metrics_extraction:380] Running test_performance_metrics_extraction.
2025-05-14 20:38:23 [INFO   ] [networking_tester   ] [test_performance_metrics_extraction:464] Performance metrics extraction test ran for 4 frames (basic checks).
2025-05-14 20:38:23 [WARNING] [src.analysis.protocol_analyzer] [analyze_packet:30] ProtocolAnalyzer received a MagicMock packet directly. Providing enhanced mock data.
2025-05-14 20:38:23 [WARNING] [src.analysis.protocol_analyzer] [analyze_packet:30] ProtocolAnalyzer received a MagicMock packet directly. Providing enhanced mock data.
2025-05-14 20:38:23 [WARNING] [src.analysis.protocol_analyzer] [analyze_packet:30] ProtocolAnalyzer received a MagicMock packet directly. Providing enhanced mock data.
2025-05-14 20:38:23 [INFO   ] [networking_tester   ] [test_protocol_analysis:202] Analyzed 3 protocol packets successfully
2025-05-14 20:38:23 [INFO   ] [networking_tester   ] [test_qos_extraction:241] QoS extraction from 32 IP packets successful
2025-05-14 20:38:23 [INFO   ] [networking_tester   ] [test_qos_extraction:280] QoS extraction from 8 WiFi QoS frames successful
2025-05-14 20:38:23 [WARNING] [src.analysis.protocol_analyzer] [analyze_packet:30] ProtocolAnalyzer received a MagicMock packet directly. Providing enhanced mock data.
2025-05-14 20:38:23 [WARNING] [src.analysis.protocol_analyzer] [analyze_packet:30] ProtocolAnalyzer received a MagicMock packet directly. Providing enhanced mock data.
2025-05-14 20:38:23 [INFO   ] [networking_tester   ] [test_security_analysis:315] Security analysis of 2 IP packets successful
2025-05-14 20:38:23 [INFO   ] [networking_tester   ] [test_wifi_frame_analysis:149] Analyzed 3 WiFi frames successfully
2025-05-14 20:43:46 [INFO   ] [networking_tester   ] [setup_logging:59] Logging configurado. Nivel: INFO. Archivo: C:\Users\juanc\Documents\Proyectos Personales\networking_tester\logs\networking_tester.log
2025-05-14 20:43:46 [INFO   ] [networking_tester   ] [test_ethernet_frame_analysis:94] Analyzed 3 Ethernet frames successfully
2025-05-14 20:43:46 [INFO   ] [networking_tester   ] [test_packet_summary_generation:370] Packet summary generation test successful (assuming integrated into analyze_packet)
2025-05-14 20:43:46 [INFO   ] [networking_tester   ] [test_performance_metrics_extraction:378] Running test_performance_metrics_extraction.
2025-05-14 20:43:46 [INFO   ] [networking_tester   ] [test_performance_metrics_extraction:462] Performance metrics extraction test ran for 4 frames (basic checks).
2025-05-14 20:43:46 [WARNING] [src.analysis.protocol_analyzer] [analyze_packet:30] ProtocolAnalyzer received a MagicMock packet directly. Providing enhanced mock data.
2025-05-14 20:43:46 [WARNING] [src.analysis.protocol_analyzer] [analyze_packet:30] ProtocolAnalyzer received a MagicMock packet directly. Providing enhanced mock data.
2025-05-14 20:43:46 [WARNING] [src.analysis.protocol_analyzer] [analyze_packet:30] ProtocolAnalyzer received a MagicMock packet directly. Providing enhanced mock data.
2025-05-14 20:43:46 [INFO   ] [networking_tester   ] [test_protocol_analysis:200] Analyzed 3 protocol packets successfully
2025-05-14 20:43:46 [INFO   ] [networking_tester   ] [test_qos_extraction:239] QoS extraction from 32 IP packets successful
2025-05-14 20:43:46 [INFO   ] [networking_tester   ] [test_qos_extraction:278] QoS extraction from 8 WiFi QoS frames successful
2025-05-14 20:43:46 [WARNING] [src.analysis.protocol_analyzer] [analyze_packet:30] ProtocolAnalyzer received a MagicMock packet directly. Providing enhanced mock data.
2025-05-14 20:43:46 [WARNING] [src.analysis.protocol_analyzer] [analyze_packet:30] ProtocolAnalyzer received a MagicMock packet directly. Providing enhanced mock data.
2025-05-14 20:43:46 [INFO   ] [networking_tester   ] [test_security_analysis:313] Security analysis of 2 IP packets successful
2025-05-14 20:43:46 [INFO   ] [networking_tester   ] [test_wifi_frame_analysis:147] Analyzed 3 WiFi frames successfully
2025-05-14 20:43:54 [INFO   ] [networking_tester   ] [setup_logging:59] Logging configurado. Nivel: INFO. Archivo: C:\Users\juanc\Documents\Proyectos Personales\networking_tester\logs\networking_tester.log
2025-05-14 20:43:54 [INFO   ] [__main__            ] [setUp:49] Test setup complete. Created test PCAP at C:\Users\juanc\AppData\Local\Temp\tmpvt4q8dpr\test_capture.pcap
2025-05-14 20:43:54 [INFO   ] [__main__            ] [tearDown:63] Test cleanup complete
2025-05-14 20:43:54 [INFO   ] [__main__            ] [setUp:49] Test setup complete. Created test PCAP at C:\Users\juanc\AppData\Local\Temp\tmppa7ra1fl\test_capture.pcap
2025-05-14 20:43:54 [INFO   ] [__main__            ] [test_capture_statistics:215] Capture statistics test successful (verified absence of stats attributes)
2025-05-14 20:43:54 [INFO   ] [__main__            ] [tearDown:63] Test cleanup complete
2025-05-14 20:43:54 [INFO   ] [__main__            ] [setUp:49] Test setup complete. Created test PCAP at C:\Users\juanc\AppData\Local\Temp\tmp492dd2nj\test_capture.pcap
2025-05-14 20:43:54 [INFO   ] [__main__            ] [tearDown:63] Test cleanup complete
2025-05-14 20:43:54 [INFO   ] [__main__            ] [setUp:49] Test setup complete. Created test PCAP at C:\Users\juanc\AppData\Local\Temp\tmph6nl45kp\test_capture.pcap
2025-05-14 20:43:54 [INFO   ] [__main__            ] [tearDown:63] Test cleanup complete
2025-05-14 20:43:54 [INFO   ] [__main__            ] [setUp:49] Test setup complete. Created test PCAP at C:\Users\juanc\AppData\Local\Temp\tmp6uvq1b53\test_capture.pcap
2025-05-14 20:43:54 [INFO   ] [__main__            ] [tearDown:63] Test cleanup complete
2025-05-14 20:43:54 [INFO   ] [__main__            ] [setUp:49] Test setup complete. Created test PCAP at C:\Users\juanc\AppData\Local\Temp\tmpru77erp4\test_capture.pcap
2025-05-14 20:43:54 [INFO   ] [__main__            ] [tearDown:63] Test cleanup complete
2025-05-14 20:43:54 [INFO   ] [__main__            ] [setUp:49] Test setup complete. Created test PCAP at C:\Users\juanc\AppData\Local\Temp\tmponsm5lrd\test_capture.pcap
2025-05-14 20:43:54 [INFO   ] [__main__            ] [tearDown:63] Test cleanup complete
2025-05-14 20:43:54 [INFO   ] [__main__            ] [setUp:49] Test setup complete. Created test PCAP at C:\Users\juanc\AppData\Local\Temp\tmpe6cgijsd\test_capture.pcap
2025-05-14 20:43:54 [INFO   ] [__main__            ] [test_packet_processing_callback_usage:165] Packet processing callback usage is tested via other methods.
2025-05-14 20:43:54 [INFO   ] [__main__            ] [tearDown:63] Test cleanup complete
2025-05-14 20:43:54 [INFO   ] [__main__            ] [setUp:49] Test setup complete. Created test PCAP at C:\Users\juanc\AppData\Local\Temp\tmpg_vugesq\test_capture.pcap
2025-05-14 20:43:54 [INFO   ] [__main__            ] [test_print_capture_summary:225] Print capture summary test successful (verified absence of summary method)
2025-05-14 20:43:54 [INFO   ] [__main__            ] [tearDown:63] Test cleanup complete
2025-05-14 20:43:54 [INFO   ] [__main__            ] [setUp:49] Test setup complete. Created test PCAP at C:\Users\juanc\AppData\Local\Temp\tmpm0_9aoai\test_capture.pcap
2025-05-14 20:43:54 [INFO   ] [src.capture.frame_capture] [read_pcap:68] Reading packets from C:\Users\juanc\AppData\Local\Temp\tmpm0_9aoai\test_capture.pcap
2025-05-14 20:43:54 [INFO   ] [src.capture.frame_capture] [read_pcap:79] Read and processed 5 packets from C:\Users\juanc\AppData\Local\Temp\tmpm0_9aoai\test_capture.pcap
2025-05-14 20:43:54 [INFO   ] [__main__            ] [tearDown:63] Test cleanup complete
2025-05-14 20:43:54 [INFO   ] [__main__            ] [setUp:49] Test setup complete. Created test PCAP at C:\Users\juanc\AppData\Local\Temp\tmp6gdl23u0\test_capture.pcap
2025-05-14 20:43:54 [INFO   ] [__main__            ] [tearDown:63] Test cleanup complete
2025-05-14 20:44:47 [INFO   ] [networking_tester   ] [setup_logging:59] Logging configurado. Nivel: INFO. Archivo: C:\Users\juanc\Documents\Proyectos Personales\networking_tester\logs\networking_tester.log
2025-05-14 20:44:47 [INFO   ] [__main__            ] [setUp:49] Test setup complete. Created test PCAP at C:\Users\juanc\AppData\Local\Temp\tmpdnw5fq1t\test_capture.pcap
2025-05-14 20:44:47 [INFO   ] [src.capture.frame_capture] [start_async_capture:98] Starting asynchronous capture on interface eth0 (filter='tcp')
2025-05-14 20:44:47 [INFO   ] [src.capture.frame_capture] [start_async_capture:107] Asynchronous capture started on eth0.
2025-05-14 20:44:47 [INFO   ] [src.capture.frame_capture] [stop_async_capture:118] Asynchronous capture stopped.
2025-05-14 20:44:47 [INFO   ] [__main__            ] [test_async_capture:261] Async capture test successful (adapted)
2025-05-14 20:44:47 [INFO   ] [__main__            ] [tearDown:63] Test cleanup complete
2025-05-14 20:44:47 [INFO   ] [__main__            ] [setUp:49] Test setup complete. Created test PCAP at C:\Users\juanc\AppData\Local\Temp\tmpn7rhy3lm\test_capture.pcap
2025-05-14 20:44:47 [INFO   ] [__main__            ] [test_capture_statistics:215] Capture statistics test successful (verified absence of stats attributes)
2025-05-14 20:44:47 [INFO   ] [__main__            ] [tearDown:63] Test cleanup complete
2025-05-14 20:44:47 [INFO   ] [__main__            ] [setUp:49] Test setup complete. Created test PCAP at C:\Users\juanc\AppData\Local\Temp\tmpovhq2tus\test_capture.pcap
2025-05-14 20:44:47 [INFO   ] [src.capture.frame_capture] [start_capture:45] Starting synchronous capture on interface eth0 (count=5, timeout=None, filter='tcp port 80')
2025-05-14 20:44:47 [INFO   ] [src.capture.frame_capture] [start_capture:59] Synchronous capture finished on eth0.
2025-05-14 20:44:47 [INFO   ] [__main__            ] [test_capture_with_filter:158] Capture with filter test successful (adapted, checks filter pass-through)
2025-05-14 20:44:47 [INFO   ] [__main__            ] [tearDown:63] Test cleanup complete
2025-05-14 20:44:47 [INFO   ] [__main__            ] [setUp:49] Test setup complete. Created test PCAP at C:\Users\juanc\AppData\Local\Temp\tmp3gdnnydm\test_capture.pcap
2025-05-14 20:44:47 [INFO   ] [__main__            ] [test_error_handling_async_start_fail:208] Error handling for async start failure test successful
2025-05-14 20:44:47 [INFO   ] [__main__            ] [tearDown:63] Test cleanup complete
2025-05-14 20:44:47 [INFO   ] [__main__            ] [setUp:49] Test setup complete. Created test PCAP at C:\Users\juanc\AppData\Local\Temp\tmpvnsrfq9n\test_capture.pcap
2025-05-14 20:44:47 [INFO   ] [__main__            ] [test_error_handling_read_pcap_non_existent:179] Error handling for read_pcap (non-existent file) test successful
2025-05-14 20:44:47 [INFO   ] [__main__            ] [tearDown:63] Test cleanup complete
2025-05-14 20:44:47 [INFO   ] [__main__            ] [setUp:49] Test setup complete. Created test PCAP at C:\Users\juanc\AppData\Local\Temp\tmpk62b_x6g\test_capture.pcap
2025-05-14 20:44:47 [INFO   ] [__main__            ] [test_error_handling_write_pcap_fail:194] Error handling for write_pcap (failure) test successful
2025-05-14 20:44:47 [INFO   ] [__main__            ] [tearDown:63] Test cleanup complete
2025-05-14 20:44:47 [INFO   ] [__main__            ] [setUp:49] Test setup complete. Created test PCAP at C:\Users\juanc\AppData\Local\Temp\tmpdtaz9tku\test_capture.pcap
2025-05-14 20:44:47 [INFO   ] [src.capture.frame_capture] [start_capture:45] Starting synchronous capture on interface eth0 (count=3, timeout=10, filter='None')
2025-05-14 20:44:47 [INFO   ] [src.capture.frame_capture] [start_capture:59] Synchronous capture finished on eth0.
2025-05-14 20:44:47 [INFO   ] [__main__            ] [test_live_capture:99] Live capture test successful (adapted for sync capture)
2025-05-14 20:44:47 [INFO   ] [__main__            ] [tearDown:63] Test cleanup complete
2025-05-14 20:44:47 [INFO   ] [__main__            ] [setUp:49] Test setup complete. Created test PCAP at C:\Users\juanc\AppData\Local\Temp\tmp3mhv328d\test_capture.pcap
2025-05-14 20:44:47 [INFO   ] [__main__            ] [test_packet_processing_callback_usage:165] Packet processing callback usage is tested via other methods.
2025-05-14 20:44:47 [INFO   ] [__main__            ] [tearDown:63] Test cleanup complete
2025-05-14 20:44:48 [INFO   ] [__main__            ] [setUp:49] Test setup complete. Created test PCAP at C:\Users\juanc\AppData\Local\Temp\tmpsb4kyg5i\test_capture.pcap
2025-05-14 20:44:48 [INFO   ] [__main__            ] [test_print_capture_summary:225] Print capture summary test successful (verified absence of summary method)
2025-05-14 20:44:48 [INFO   ] [__main__            ] [tearDown:63] Test cleanup complete
2025-05-14 20:44:48 [INFO   ] [__main__            ] [setUp:49] Test setup complete. Created test PCAP at C:\Users\juanc\AppData\Local\Temp\tmpg_le6ser\test_capture.pcap
2025-05-14 20:44:48 [INFO   ] [src.capture.frame_capture] [read_pcap:68] Reading packets from C:\Users\juanc\AppData\Local\Temp\tmpg_le6ser\test_capture.pcap
2025-05-14 20:44:48 [INFO   ] [src.capture.frame_capture] [read_pcap:79] Read and processed 5 packets from C:\Users\juanc\AppData\Local\Temp\tmpg_le6ser\test_capture.pcap
2025-05-14 20:44:48 [INFO   ] [__main__            ] [tearDown:63] Test cleanup complete
2025-05-14 20:44:48 [INFO   ] [__main__            ] [setUp:49] Test setup complete. Created test PCAP at C:\Users\juanc\AppData\Local\Temp\tmpg86_ashc\test_capture.pcap
2025-05-14 20:44:48 [INFO   ] [src.capture.frame_capture] [write_pcap:87] Writing 5 packets to C:\Users\juanc\AppData\Local\Temp\tmpg86_ashc\output_test.pcap
2025-05-14 20:44:48 [INFO   ] [src.capture.frame_capture] [write_pcap:90] Successfully wrote packets to C:\Users\juanc\AppData\Local\Temp\tmpg86_ashc\output_test.pcap
2025-05-14 20:44:48 [INFO   ] [__main__            ] [test_write_to_pcap:132] PCAP writing test successful (adapted)
2025-05-14 20:44:48 [INFO   ] [__main__            ] [tearDown:63] Test cleanup complete
2025-05-14 20:47:45 [INFO   ] [networking_tester   ] [setup_logging:59] Logging configurado. Nivel: INFO. Archivo: C:\Users\juanc\Documents\Proyectos Personales\networking_tester\logs\networking_tester.log
2025-05-14 20:47:45 [INFO   ] [__main__            ] [setUp:49] Test setup complete. Created test PCAP at C:\Users\juanc\AppData\Local\Temp\tmp9zkxx7la\test_capture.pcap
2025-05-14 20:47:45 [INFO   ] [src.capture.frame_capture] [start_async_capture:99] Starting asynchronous capture on interface eth0 (filter='tcp')
2025-05-14 20:47:45 [INFO   ] [src.capture.frame_capture] [start_async_capture:108] Asynchronous capture started on eth0.
2025-05-14 20:47:45 [INFO   ] [src.capture.frame_capture] [stop_async_capture:119] Asynchronous capture stopped.
2025-05-14 20:47:45 [INFO   ] [__main__            ] [test_async_capture:261] Async capture test successful (adapted)
2025-05-14 20:47:45 [INFO   ] [__main__            ] [tearDown:63] Test cleanup complete
2025-05-14 20:47:45 [INFO   ] [__main__            ] [setUp:49] Test setup complete. Created test PCAP at C:\Users\juanc\AppData\Local\Temp\tmpvqidnmz9\test_capture.pcap
2025-05-14 20:47:45 [INFO   ] [__main__            ] [test_capture_statistics:215] Capture statistics test successful (verified absence of stats attributes)
2025-05-14 20:47:45 [INFO   ] [__main__            ] [tearDown:63] Test cleanup complete
2025-05-14 20:47:45 [INFO   ] [__main__            ] [setUp:49] Test setup complete. Created test PCAP at C:\Users\juanc\AppData\Local\Temp\tmp6o8iaysj\test_capture.pcap
2025-05-14 20:47:45 [INFO   ] [src.capture.frame_capture] [start_capture:45] Starting synchronous capture on interface eth0 (count=5, timeout=None, filter='tcp port 80')
2025-05-14 20:47:45 [INFO   ] [src.capture.frame_capture] [start_capture:59] Synchronous capture finished on eth0.
2025-05-14 20:47:45 [INFO   ] [__main__            ] [test_capture_with_filter:158] Capture with filter test successful (adapted, checks filter pass-through)
2025-05-14 20:47:45 [INFO   ] [__main__            ] [tearDown:63] Test cleanup complete
2025-05-14 20:47:45 [INFO   ] [__main__            ] [setUp:49] Test setup complete. Created test PCAP at C:\Users\juanc\AppData\Local\Temp\tmpx1020lcv\test_capture.pcap
2025-05-14 20:47:45 [INFO   ] [__main__            ] [test_error_handling_async_start_fail:208] Error handling for async start failure test successful
2025-05-14 20:47:45 [INFO   ] [__main__            ] [tearDown:63] Test cleanup complete
2025-05-14 20:47:45 [INFO   ] [__main__            ] [setUp:49] Test setup complete. Created test PCAP at C:\Users\juanc\AppData\Local\Temp\tmphb_hja8y\test_capture.pcap
2025-05-14 20:47:45 [INFO   ] [__main__            ] [test_error_handling_read_pcap_non_existent:179] Error handling for read_pcap (non-existent file) test successful
2025-05-14 20:47:45 [INFO   ] [__main__            ] [tearDown:63] Test cleanup complete
2025-05-14 20:47:45 [INFO   ] [__main__            ] [setUp:49] Test setup complete. Created test PCAP at C:\Users\juanc\AppData\Local\Temp\tmph8vszfcy\test_capture.pcap
2025-05-14 20:47:45 [INFO   ] [__main__            ] [test_error_handling_write_pcap_fail:194] Error handling for write_pcap (failure) test successful
2025-05-14 20:47:45 [INFO   ] [__main__            ] [tearDown:63] Test cleanup complete
2025-05-14 20:47:45 [INFO   ] [__main__            ] [setUp:49] Test setup complete. Created test PCAP at C:\Users\juanc\AppData\Local\Temp\tmp4c7y2lso\test_capture.pcap
2025-05-14 20:47:45 [INFO   ] [src.capture.frame_capture] [start_capture:45] Starting synchronous capture on interface eth0 (count=3, timeout=10, filter='None')
2025-05-14 20:47:45 [INFO   ] [src.capture.frame_capture] [start_capture:59] Synchronous capture finished on eth0.
2025-05-14 20:47:45 [INFO   ] [__main__            ] [test_live_capture:99] Live capture test successful (adapted for sync capture)
2025-05-14 20:47:45 [INFO   ] [__main__            ] [tearDown:63] Test cleanup complete
2025-05-14 20:47:45 [INFO   ] [__main__            ] [setUp:49] Test setup complete. Created test PCAP at C:\Users\juanc\AppData\Local\Temp\tmpfkb5s3sa\test_capture.pcap
2025-05-14 20:47:45 [INFO   ] [__main__            ] [test_packet_processing_callback_usage:165] Packet processing callback usage is tested via other methods.
2025-05-14 20:47:45 [INFO   ] [__main__            ] [tearDown:63] Test cleanup complete
2025-05-14 20:47:45 [INFO   ] [__main__            ] [setUp:49] Test setup complete. Created test PCAP at C:\Users\juanc\AppData\Local\Temp\tmpc09xyznf\test_capture.pcap
2025-05-14 20:47:45 [INFO   ] [__main__            ] [test_print_capture_summary:225] Print capture summary test successful (verified absence of summary method)
2025-05-14 20:47:45 [INFO   ] [__main__            ] [tearDown:63] Test cleanup complete
2025-05-14 20:47:45 [INFO   ] [__main__            ] [setUp:49] Test setup complete. Created test PCAP at C:\Users\juanc\AppData\Local\Temp\tmpfp8kp7tq\test_capture.pcap
2025-05-14 20:47:45 [INFO   ] [src.capture.frame_capture] [read_pcap:68] Reading packets from C:\Users\juanc\AppData\Local\Temp\tmpfp8kp7tq\test_capture.pcap
2025-05-14 20:47:45 [INFO   ] [src.capture.frame_capture] [read_pcap:80] Read and processed 5 packets from C:\Users\juanc\AppData\Local\Temp\tmpfp8kp7tq\test_capture.pcap
2025-05-14 20:47:45 [INFO   ] [__main__            ] [test_read_from_pcap:119] PCAP reading test successful (verified callback calls and return)
2025-05-14 20:47:45 [INFO   ] [__main__            ] [tearDown:63] Test cleanup complete
2025-05-14 20:47:45 [INFO   ] [__main__            ] [setUp:49] Test setup complete. Created test PCAP at C:\Users\juanc\AppData\Local\Temp\tmpwq0mbnqy\test_capture.pcap
2025-05-14 20:47:45 [INFO   ] [src.capture.frame_capture] [write_pcap:88] Writing 5 packets to C:\Users\juanc\AppData\Local\Temp\tmpwq0mbnqy\output_test.pcap
2025-05-14 20:47:45 [INFO   ] [src.capture.frame_capture] [write_pcap:91] Successfully wrote packets to C:\Users\juanc\AppData\Local\Temp\tmpwq0mbnqy\output_test.pcap
2025-05-14 20:47:45 [INFO   ] [__main__            ] [test_write_to_pcap:132] PCAP writing test successful (adapted)
2025-05-14 20:47:45 [INFO   ] [__main__            ] [tearDown:63] Test cleanup complete
2025-05-14 20:47:54 [INFO   ] [networking_tester   ] [setup_logging:59] Logging configurado. Nivel: INFO. Archivo: C:\Users\juanc\Documents\Proyectos Personales\networking_tester\logs\networking_tester.log
2025-05-14 20:47:54 [WARNING] [networking_tester   ] [test_end_to_end_workflow:430] test_end_to_end_workflow in test_ai_monitoring.py needs significant refactoring due to core engine changes.
2025-05-14 20:48:25 [INFO   ] [networking_tester   ] [setup_logging:59] Logging configurado. Nivel: INFO. Archivo: C:\Users\juanc\Documents\Proyectos Personales\networking_tester\logs\networking_tester.log
2025-05-14 20:48:25 [INFO   ] [__main__            ] [main:20] Starting Networking Tester v0.2.0
2025-05-14 20:48:25 [INFO   ] [src.core.engine     ] [__init__:19] Initializing AnalysisEngine...
2025-05-14 20:48:25 [INFO   ] [src.core.engine     ] [_load_analyzers:42] Loaded 4 analyzers: ['ProtocolAnalyzer', 'IEEE802_11_Analyzer', 'FlowAnalyzer', 'AnomalyDetector']
2025-05-14 20:48:25 [INFO   ] [src.storage.database_handler] [__init__:26] DatabaseHandler is disabled by configuration.
2025-05-14 20:48:25 [INFO   ] [src.core.engine     ] [run_live_capture:93] Starting live capture run: interface=Ethernet 2, count=5, timeout=None, filter='None'
2025-05-14 20:48:25 [INFO   ] [src.capture.frame_capture] [start_capture:45] Starting synchronous capture on interface Ethernet 2 (count=5, timeout=None, filter='None')
2025-05-14 20:48:25 [INFO   ] [src.capture.frame_capture] [start_capture:59] Synchronous capture finished on Ethernet 2.
2025-05-14 20:48:25 [INFO   ] [src.core.engine     ] [run_live_capture:109] Live capture run finished.
2025-05-14 20:48:25 [INFO   ] [src.core.engine     ] [_finalize_run:127] Finalizing run...
2025-05-14 20:48:25 [INFO   ] [src.reporting.report_generator] [generate_report:53] Report generated and saved to C:\Users\juanc\Documents\Proyectos Personales\networking_tester\reports\capture_report_20250514_204825.json
2025-05-14 20:48:25 [INFO   ] [src.core.engine     ] [_finalize_run:138] Final Statistics:
2025-05-14 20:48:25 [INFO   ] [src.core.engine     ] [_finalize_run:145]   total_packets: 5
2025-05-14 20:48:25 [INFO   ] [src.core.engine     ] [_finalize_run:145]   start_time: 2025-05-14T20:48:25.197305
2025-05-14 20:48:25 [INFO   ] [src.core.engine     ] [_finalize_run:145]   end_time: 2025-05-14T20:48:25.199840
2025-05-14 20:48:25 [INFO   ] [src.core.engine     ] [_finalize_run:145]   duration_seconds: 0.002535
2025-05-14 20:48:25 [INFO   ] [src.core.engine     ] [_finalize_run:145]   packets_per_second: 1972.39
2025-05-14 20:48:25 [INFO   ] [src.core.engine     ] [_finalize_run:141]   protocol_distribution:
2025-05-14 20:48:25 [INFO   ] [src.core.engine     ] [_finalize_run:143]     UDP: 5
2025-05-14 20:48:25 [INFO   ] [src.core.engine     ] [_finalize_run:141]   top_source_ips:
2025-05-14 20:48:25 [INFO   ] [src.core.engine     ] [_finalize_run:143]     190.27.34.13: 3
2025-05-14 20:48:25 [INFO   ] [src.core.engine     ] [_finalize_run:143]     192.168.0.5: 2
2025-05-14 20:48:25 [INFO   ] [src.core.engine     ] [_finalize_run:141]   top_destination_ips:
2025-05-14 20:48:25 [INFO   ] [src.core.engine     ] [_finalize_run:143]     192.168.0.5: 3
2025-05-14 20:48:25 [INFO   ] [src.core.engine     ] [_finalize_run:143]     190.27.34.13: 2
2025-05-14 20:48:25 [INFO   ] [src.core.engine     ] [_finalize_run:141]   top_source_ports:
2025-05-14 20:48:25 [INFO   ] [src.core.engine     ] [_finalize_run:143]     443: 3
2025-05-14 20:48:25 [INFO   ] [src.core.engine     ] [_finalize_run:143]     52747: 2
2025-05-14 20:48:25 [INFO   ] [src.core.engine     ] [_finalize_run:141]   top_destination_ports:
2025-05-14 20:48:25 [INFO   ] [src.core.engine     ] [_finalize_run:143]     52747: 3
2025-05-14 20:48:25 [INFO   ] [src.core.engine     ] [_finalize_run:143]     443: 2
2025-05-14 20:48:25 [INFO   ] [src.core.engine     ] [_finalize_run:145]   error_count: 0
2025-05-14 20:48:25 [INFO   ] [src.core.engine     ] [_finalize_run:151] Run finalized.
2025-05-14 20:48:25 [INFO   ] [src.core.engine     ] [shutdown:155] Shutting down AnalysisEngine...
2025-05-14 20:48:25 [INFO   ] [src.core.engine     ] [shutdown:160] AnalysisEngine shut down.
2025-05-14 20:48:25 [INFO   ] [__main__            ] [main:62] Networking Tester finished.
2025-05-14 20:57:27 [INFO   ] [networking_tester   ] [setup_logging:59] Logging configurado. Nivel: INFO. Archivo: C:\Users\juanc\Documents\Proyectos Personales\networking_tester\logs\networking_tester.log
2025-05-14 20:57:27 [INFO   ] [__main__            ] [main:20] Starting Networking Tester v0.2.0
2025-05-14 20:57:27 [INFO   ] [src.core.engine     ] [__init__:23] Initializing AnalysisEngine...
2025-05-14 20:59:53 [INFO   ] [networking_tester   ] [setup_logging:59] Logging configurado. Nivel: INFO. Archivo: C:\Users\juanc\Documents\Proyectos Personales\networking_tester\logs\networking_tester.log
2025-05-14 20:59:53 [INFO   ] [__main__            ] [main:20] Starting Networking Tester v0.2.0
2025-05-14 20:59:53 [INFO   ] [src.core.engine     ] [__init__:23] Initializing AnalysisEngine...
2025-05-14 20:59:53 [INFO   ] [src.core.engine     ] [_load_analyzers:49] Loaded 5 analyzers: ['ProtocolAnalyzer', 'IEEE802_11_Analyzer', 'IEEE802_3_Analyzer', 'FlowAnalyzer', 'AnomalyDetector']
2025-05-14 20:59:53 [INFO   ] [src.storage.database_handler] [__init__:26] DatabaseHandler is disabled by configuration.
2025-05-14 20:59:53 [INFO   ] [src.core.engine     ] [run_live_capture:100] Starting live capture run: interface=Ethernet 2, count=5, timeout=None, filter='None'
2025-05-14 20:59:53 [INFO   ] [src.capture.frame_capture] [start_capture:45] Starting synchronous capture on interface Ethernet 2 (count=5, timeout=None, filter='None')
2025-05-14 20:59:53 [ERROR  ] [src.capture.frame_capture] [_internal_scapy_callback:36] Error in packet_processor callback: 'str' object has no attribute 'get_name'
Traceback (most recent call last):
  File "C:\Users\juanc\Documents\Proyectos Personales\networking_tester\src\core\engine.py", line 66, in _process_packet_from_capture
    analyzer.analyze_packet(packet, current_analysis)
    ^^^^^^^^^^^^^^^^^^^^^^^
AttributeError: 'str' object has no attribute 'analyze_packet'

During handling of the above exception, another exception occurred:

Traceback (most recent call last):
  File "C:\Users\juanc\Documents\Proyectos Personales\networking_tester\src\capture\frame_capture.py", line 34, in _internal_scapy_callback
    self.packet_processor(packet)
  File "C:\Users\juanc\Documents\Proyectos Personales\networking_tester\src\core\engine.py", line 68, in _process_packet_from_capture
    logger.error(f"Error during analysis with {analyzer.get_name()}: {e}", exc_info=True)
                                               ^^^^^^^^^^^^^^^^^
AttributeError: 'str' object has no attribute 'get_name'
2025-05-14 20:59:53 [ERROR  ] [src.capture.frame_capture] [_internal_scapy_callback:36] Error in packet_processor callback: 'str' object has no attribute 'get_name'
Traceback (most recent call last):
  File "C:\Users\juanc\Documents\Proyectos Personales\networking_tester\src\core\engine.py", line 66, in _process_packet_from_capture
    analyzer.analyze_packet(packet, current_analysis)
    ^^^^^^^^^^^^^^^^^^^^^^^
AttributeError: 'str' object has no attribute 'analyze_packet'

During handling of the above exception, another exception occurred:

Traceback (most recent call last):
  File "C:\Users\juanc\Documents\Proyectos Personales\networking_tester\src\capture\frame_capture.py", line 34, in _internal_scapy_callback
    self.packet_processor(packet)
  File "C:\Users\juanc\Documents\Proyectos Personales\networking_tester\src\core\engine.py", line 68, in _process_packet_from_capture
    logger.error(f"Error during analysis with {analyzer.get_name()}: {e}", exc_info=True)
                                               ^^^^^^^^^^^^^^^^^
AttributeError: 'str' object has no attribute 'get_name'
2025-05-14 20:59:54 [ERROR  ] [src.capture.frame_capture] [_internal_scapy_callback:36] Error in packet_processor callback: 'str' object has no attribute 'get_name'
Traceback (most recent call last):
  File "C:\Users\juanc\Documents\Proyectos Personales\networking_tester\src\core\engine.py", line 66, in _process_packet_from_capture
    analyzer.analyze_packet(packet, current_analysis)
    ^^^^^^^^^^^^^^^^^^^^^^^
AttributeError: 'str' object has no attribute 'analyze_packet'

During handling of the above exception, another exception occurred:

Traceback (most recent call last):
  File "C:\Users\juanc\Documents\Proyectos Personales\networking_tester\src\capture\frame_capture.py", line 34, in _internal_scapy_callback
    self.packet_processor(packet)
  File "C:\Users\juanc\Documents\Proyectos Personales\networking_tester\src\core\engine.py", line 68, in _process_packet_from_capture
    logger.error(f"Error during analysis with {analyzer.get_name()}: {e}", exc_info=True)
                                               ^^^^^^^^^^^^^^^^^
AttributeError: 'str' object has no attribute 'get_name'
2025-05-14 20:59:54 [ERROR  ] [src.capture.frame_capture] [_internal_scapy_callback:36] Error in packet_processor callback: 'str' object has no attribute 'get_name'
Traceback (most recent call last):
  File "C:\Users\juanc\Documents\Proyectos Personales\networking_tester\src\core\engine.py", line 66, in _process_packet_from_capture
    analyzer.analyze_packet(packet, current_analysis)
    ^^^^^^^^^^^^^^^^^^^^^^^
AttributeError: 'str' object has no attribute 'analyze_packet'

During handling of the above exception, another exception occurred:

Traceback (most recent call last):
  File "C:\Users\juanc\Documents\Proyectos Personales\networking_tester\src\capture\frame_capture.py", line 34, in _internal_scapy_callback
    self.packet_processor(packet)
  File "C:\Users\juanc\Documents\Proyectos Personales\networking_tester\src\core\engine.py", line 68, in _process_packet_from_capture
    logger.error(f"Error during analysis with {analyzer.get_name()}: {e}", exc_info=True)
                                               ^^^^^^^^^^^^^^^^^
AttributeError: 'str' object has no attribute 'get_name'
2025-05-14 20:59:54 [ERROR  ] [src.capture.frame_capture] [_internal_scapy_callback:36] Error in packet_processor callback: 'str' object has no attribute 'get_name'
Traceback (most recent call last):
  File "C:\Users\juanc\Documents\Proyectos Personales\networking_tester\src\core\engine.py", line 66, in _process_packet_from_capture
    analyzer.analyze_packet(packet, current_analysis)
    ^^^^^^^^^^^^^^^^^^^^^^^
AttributeError: 'str' object has no attribute 'analyze_packet'

During handling of the above exception, another exception occurred:

Traceback (most recent call last):
  File "C:\Users\juanc\Documents\Proyectos Personales\networking_tester\src\capture\frame_capture.py", line 34, in _internal_scapy_callback
    self.packet_processor(packet)
  File "C:\Users\juanc\Documents\Proyectos Personales\networking_tester\src\core\engine.py", line 68, in _process_packet_from_capture
    logger.error(f"Error during analysis with {analyzer.get_name()}: {e}", exc_info=True)
                                               ^^^^^^^^^^^^^^^^^
AttributeError: 'str' object has no attribute 'get_name'
2025-05-14 20:59:54 [INFO   ] [src.capture.frame_capture] [start_capture:59] Synchronous capture finished on Ethernet 2.
2025-05-14 20:59:54 [INFO   ] [src.core.engine     ] [run_live_capture:116] Live capture run finished.
2025-05-14 20:59:54 [INFO   ] [src.core.engine     ] [_finalize_run:134] Finalizing run...
2025-05-14 20:59:54 [INFO   ] [src.reporting.report_generator] [generate_report:53] Report generated and saved to C:\Users\juanc\Documents\Proyectos Personales\networking_tester\reports\capture_report_20250514_205954.json
2025-05-14 20:59:54 [INFO   ] [src.core.engine     ] [_finalize_run:145] Final Statistics:
2025-05-14 20:59:54 [INFO   ] [src.core.engine     ] [_finalize_run:152]   total_packets: 0
2025-05-14 20:59:54 [INFO   ] [src.core.engine     ] [_finalize_run:152]   start_time: None
2025-05-14 20:59:54 [INFO   ] [src.core.engine     ] [_finalize_run:152]   end_time: None
2025-05-14 20:59:54 [INFO   ] [src.core.engine     ] [_finalize_run:152]   duration_seconds: 0
2025-05-14 20:59:54 [INFO   ] [src.core.engine     ] [_finalize_run:152]   packets_per_second: 0
2025-05-14 20:59:54 [INFO   ] [src.core.engine     ] [_finalize_run:148]   protocol_distribution:
2025-05-14 20:59:54 [INFO   ] [src.core.engine     ] [_finalize_run:148]   top_source_ips:
2025-05-14 20:59:54 [INFO   ] [src.core.engine     ] [_finalize_run:148]   top_destination_ips:
2025-05-14 20:59:54 [INFO   ] [src.core.engine     ] [_finalize_run:148]   top_source_ports:
2025-05-14 20:59:54 [INFO   ] [src.core.engine     ] [_finalize_run:148]   top_destination_ports:
2025-05-14 20:59:54 [INFO   ] [src.core.engine     ] [_finalize_run:152]   error_count: 0
2025-05-14 20:59:54 [INFO   ] [src.core.engine     ] [_finalize_run:158] Run finalized.
2025-05-14 20:59:54 [INFO   ] [src.core.engine     ] [shutdown:162] Shutting down AnalysisEngine...
2025-05-14 20:59:54 [INFO   ] [src.core.engine     ] [shutdown:167] AnalysisEngine shut down.
2025-05-14 20:59:54 [INFO   ] [__main__            ] [main:62] Networking Tester finished.
2025-05-14 21:06:42 [INFO   ] [networking_tester   ] [setup_logging:59] Logging configurado. Nivel: INFO. Archivo: C:\Users\juanc\Documents\Proyectos Personales\networking_tester\logs\networking_tester.log
2025-05-14 21:06:42 [INFO   ] [__main__            ] [main:20] Starting Networking Tester v0.2.0
2025-05-14 21:06:42 [INFO   ] [src.core.engine     ] [__init__:23] Initializing AnalysisEngine...
2025-05-14 21:06:42 [INFO   ] [src.core.engine     ] [_load_analyzers:49] Loaded 5 analyzers: ['ProtocolAnalyzer', 'IEEE802_11_Analyzer', 'IEEE802_3_Analyzer', 'FlowAnalyzer', 'AnomalyDetector']
2025-05-14 21:06:42 [INFO   ] [src.storage.database_handler] [__init__:26] DatabaseHandler is disabled by configuration.
2025-05-14 21:06:42 [INFO   ] [src.core.engine     ] [run_live_capture:117] Starting live capture run: interface=Ethernet 2, count=5, timeout=None, filter='None'
2025-05-14 21:06:42 [INFO   ] [src.capture.frame_capture] [start_capture:45] Starting synchronous capture on interface Ethernet 2 (count=5, timeout=None, filter='None')
2025-05-14 21:06:43 [INFO   ] [src.capture.frame_capture] [start_capture:59] Synchronous capture finished on Ethernet 2.
2025-05-14 21:06:43 [INFO   ] [src.core.engine     ] [run_live_capture:133] Live capture run finished.
2025-05-14 21:06:43 [INFO   ] [src.core.engine     ] [_finalize_run:151] Finalizing run...
2025-05-14 21:06:43 [INFO   ] [src.reporting.report_generator] [generate_report:53] Report generated and saved to C:\Users\juanc\Documents\Proyectos Personales\networking_tester\reports\capture_report_20250514_210643.json
2025-05-14 21:06:43 [INFO   ] [src.core.engine     ] [_finalize_run:162] Final Statistics:
2025-05-14 21:06:43 [INFO   ] [src.core.engine     ] [_finalize_run:169]   total_packets: 5
2025-05-14 21:06:43 [INFO   ] [src.core.engine     ] [_finalize_run:169]   start_time: 2025-05-14T21:06:42.985441
2025-05-14 21:06:43 [INFO   ] [src.core.engine     ] [_finalize_run:169]   end_time: 2025-05-14T21:06:43.163464
2025-05-14 21:06:43 [INFO   ] [src.core.engine     ] [_finalize_run:169]   duration_seconds: 0.178023
2025-05-14 21:06:43 [INFO   ] [src.core.engine     ] [_finalize_run:169]   packets_per_second: 28.09
2025-05-14 21:06:43 [INFO   ] [src.core.engine     ] [_finalize_run:165]   protocol_distribution:
2025-05-14 21:06:43 [INFO   ] [src.core.engine     ] [_finalize_run:167]     TCP: 2
2025-05-14 21:06:43 [INFO   ] [src.core.engine     ] [_finalize_run:167]     UDP: 3
2025-05-14 21:06:43 [INFO   ] [src.core.engine     ] [_finalize_run:165]   top_source_ips:
2025-05-14 21:06:43 [INFO   ] [src.core.engine     ] [_finalize_run:167]     192.168.0.5: 3
2025-05-14 21:06:43 [INFO   ] [src.core.engine     ] [_finalize_run:167]     62.67.238.214: 1
2025-05-14 21:06:43 [INFO   ] [src.core.engine     ] [_finalize_run:167]     192.168.0.1: 1
2025-05-14 21:06:43 [INFO   ] [src.core.engine     ] [_finalize_run:165]   top_destination_ips:
2025-05-14 21:06:43 [INFO   ] [src.core.engine     ] [_finalize_run:167]     192.168.0.5: 2
2025-05-14 21:06:43 [INFO   ] [src.core.engine     ] [_finalize_run:167]     192.168.0.1: 2
2025-05-14 21:06:43 [INFO   ] [src.core.engine     ] [_finalize_run:167]     62.67.238.214: 1
2025-05-14 21:06:43 [INFO   ] [src.core.engine     ] [_finalize_run:165]   top_source_ports:
2025-05-14 21:06:43 [INFO   ] [src.core.engine     ] [_finalize_run:167]     49878: 1
2025-05-14 21:06:43 [INFO   ] [src.core.engine     ] [_finalize_run:167]     443: 1
2025-05-14 21:06:43 [INFO   ] [src.core.engine     ] [_finalize_run:167]     55801: 1
2025-05-14 21:06:43 [INFO   ] [src.core.engine     ] [_finalize_run:167]     53852: 1
2025-05-14 21:06:43 [INFO   ] [src.core.engine     ] [_finalize_run:167]     53: 1
2025-05-14 21:06:43 [INFO   ] [src.core.engine     ] [_finalize_run:165]   top_destination_ports:
2025-05-14 21:06:43 [INFO   ] [src.core.engine     ] [_finalize_run:167]     53: 2
2025-05-14 21:06:43 [INFO   ] [src.core.engine     ] [_finalize_run:167]     443: 1
2025-05-14 21:06:43 [INFO   ] [src.core.engine     ] [_finalize_run:167]     49878: 1
2025-05-14 21:06:43 [INFO   ] [src.core.engine     ] [_finalize_run:167]     55801: 1
2025-05-14 21:06:43 [INFO   ] [src.core.engine     ] [_finalize_run:169]   error_count: 0
2025-05-14 21:06:43 [INFO   ] [src.core.engine     ] [_finalize_run:175] Run finalized.
2025-05-14 21:06:43 [INFO   ] [src.core.engine     ] [shutdown:179] Shutting down AnalysisEngine...
2025-05-14 21:06:43 [INFO   ] [src.core.engine     ] [shutdown:184] AnalysisEngine shut down.
2025-05-14 21:06:43 [INFO   ] [__main__            ] [main:62] Networking Tester finished.
